24-10-29.19:49:38.067 [org.springframework.amqp.rabbit.RabbitListenerEndpointContainer#0-1] ERROR SimpleMessageListenerContainer - Failed to check/redeclare auto-delete queue(s).
org.springframework.amqp.AmqpConnectException: java.net.ConnectException: Connection refused: connect
	at org.springframework.amqp.rabbit.support.RabbitExceptionTranslator.convertRabbitAccessException(RabbitExceptionTranslator.java:61)
	at org.springframework.amqp.rabbit.connection.AbstractConnectionFactory.createBareConnection(AbstractConnectionFactory.java:603)
	at org.springframework.amqp.rabbit.connection.CachingConnectionFactory.createConnection(CachingConnectionFactory.java:725)
	at org.springframework.amqp.rabbit.connection.ConnectionFactoryUtils.createConnection(ConnectionFactoryUtils.java:252)
	at org.springframework.amqp.rabbit.core.RabbitTemplate.doExecute(RabbitTemplate.java:2210)
	at org.springframework.amqp.rabbit.core.RabbitTemplate.execute(RabbitTemplate.java:2183)
	at org.springframework.amqp.rabbit.core.RabbitTemplate.execute(RabbitTemplate.java:2163)
	at org.springframework.amqp.rabbit.core.RabbitAdmin.getQueueInfo(RabbitAdmin.java:463)
	at org.springframework.amqp.rabbit.core.RabbitAdmin.getQueueProperties(RabbitAdmin.java:447)
	at org.springframework.amqp.rabbit.listener.AbstractMessageListenerContainer.attemptDeclarations(AbstractMessageListenerContainer.java:1942)
	at org.springframework.amqp.rabbit.listener.AbstractMessageListenerContainer.redeclareElementsIfNecessary(AbstractMessageListenerContainer.java:1915)
	at org.springframework.amqp.rabbit.listener.SimpleMessageListenerContainer$AsyncMessageProcessingConsumer.initialize(SimpleMessageListenerContainer.java:1384)
	at org.springframework.amqp.rabbit.listener.SimpleMessageListenerContainer$AsyncMessageProcessingConsumer.run(SimpleMessageListenerContainer.java:1230)
	at java.lang.Thread.run(Thread.java:750)
Caused by: java.net.ConnectException: Connection refused: connect
	at java.net.DualStackPlainSocketImpl.waitForConnect(Native Method)
	at java.net.DualStackPlainSocketImpl.socketConnect(DualStackPlainSocketImpl.java:81)
	at java.net.AbstractPlainSocketImpl.doConnect(AbstractPlainSocketImpl.java:476)
	at java.net.AbstractPlainSocketImpl.connectToAddress(AbstractPlainSocketImpl.java:218)
	at java.net.AbstractPlainSocketImpl.connect(AbstractPlainSocketImpl.java:200)
	at java.net.PlainSocketImpl.connect(PlainSocketImpl.java:162)
	at java.net.SocksSocketImpl.connect(SocksSocketImpl.java:394)
	at java.net.Socket.connect(Socket.java:606)
	at com.rabbitmq.client.impl.SocketFrameHandlerFactory.create(SocketFrameHandlerFactory.java:60)
	at com.rabbitmq.client.ConnectionFactory.newConnection(ConnectionFactory.java:1223)
	at com.rabbitmq.client.ConnectionFactory.newConnection(ConnectionFactory.java:1173)
	at org.springframework.amqp.rabbit.connection.AbstractConnectionFactory.connectAddresses(AbstractConnectionFactory.java:641)
	at org.springframework.amqp.rabbit.connection.AbstractConnectionFactory.connect(AbstractConnectionFactory.java:616)
	at org.springframework.amqp.rabbit.connection.AbstractConnectionFactory.createBareConnection(AbstractConnectionFactory.java:566)
	... 12 common frames omitted
24-10-29.19:49:44.246 [org.springframework.amqp.rabbit.RabbitListenerEndpointContainer#1-1] ERROR SimpleMessageListenerContainer - Failed to check/redeclare auto-delete queue(s).
org.springframework.amqp.AmqpConnectException: java.net.ConnectException: Connection refused: connect
	at org.springframework.amqp.rabbit.support.RabbitExceptionTranslator.convertRabbitAccessException(RabbitExceptionTranslator.java:61)
	at org.springframework.amqp.rabbit.connection.AbstractConnectionFactory.createBareConnection(AbstractConnectionFactory.java:603)
	at org.springframework.amqp.rabbit.connection.CachingConnectionFactory.createConnection(CachingConnectionFactory.java:725)
	at org.springframework.amqp.rabbit.connection.ConnectionFactoryUtils.createConnection(ConnectionFactoryUtils.java:252)
	at org.springframework.amqp.rabbit.core.RabbitTemplate.doExecute(RabbitTemplate.java:2210)
	at org.springframework.amqp.rabbit.core.RabbitTemplate.execute(RabbitTemplate.java:2183)
	at org.springframework.amqp.rabbit.core.RabbitTemplate.execute(RabbitTemplate.java:2163)
	at org.springframework.amqp.rabbit.core.RabbitAdmin.getQueueInfo(RabbitAdmin.java:463)
	at org.springframework.amqp.rabbit.core.RabbitAdmin.getQueueProperties(RabbitAdmin.java:447)
	at org.springframework.amqp.rabbit.listener.AbstractMessageListenerContainer.attemptDeclarations(AbstractMessageListenerContainer.java:1942)
	at org.springframework.amqp.rabbit.listener.AbstractMessageListenerContainer.redeclareElementsIfNecessary(AbstractMessageListenerContainer.java:1915)
	at org.springframework.amqp.rabbit.listener.SimpleMessageListenerContainer$AsyncMessageProcessingConsumer.initialize(SimpleMessageListenerContainer.java:1384)
	at org.springframework.amqp.rabbit.listener.SimpleMessageListenerContainer$AsyncMessageProcessingConsumer.run(SimpleMessageListenerContainer.java:1230)
	at java.lang.Thread.run(Thread.java:750)
Caused by: java.net.ConnectException: Connection refused: connect
	at java.net.DualStackPlainSocketImpl.waitForConnect(Native Method)
	at java.net.DualStackPlainSocketImpl.socketConnect(DualStackPlainSocketImpl.java:81)
	at java.net.AbstractPlainSocketImpl.doConnect(AbstractPlainSocketImpl.java:476)
	at java.net.AbstractPlainSocketImpl.connectToAddress(AbstractPlainSocketImpl.java:218)
	at java.net.AbstractPlainSocketImpl.connect(AbstractPlainSocketImpl.java:200)
	at java.net.PlainSocketImpl.connect(PlainSocketImpl.java:162)
	at java.net.SocksSocketImpl.connect(SocksSocketImpl.java:394)
	at java.net.Socket.connect(Socket.java:606)
	at com.rabbitmq.client.impl.SocketFrameHandlerFactory.create(SocketFrameHandlerFactory.java:60)
	at com.rabbitmq.client.ConnectionFactory.newConnection(ConnectionFactory.java:1223)
	at com.rabbitmq.client.ConnectionFactory.newConnection(ConnectionFactory.java:1173)
	at org.springframework.amqp.rabbit.connection.AbstractConnectionFactory.connectAddresses(AbstractConnectionFactory.java:641)
	at org.springframework.amqp.rabbit.connection.AbstractConnectionFactory.connect(AbstractConnectionFactory.java:616)
	at org.springframework.amqp.rabbit.connection.AbstractConnectionFactory.createBareConnection(AbstractConnectionFactory.java:566)
	... 12 common frames omitted
24-10-29.19:49:45.196 [org.springframework.amqp.rabbit.RabbitListenerEndpointContainer#0-1] WARN  SimpleMessageListenerContainer - Consumer raised exception, processing can restart if the connection factory supports it. Exception summary: org.springframework.amqp.AmqpConnectException: java.net.ConnectException: Connection refused: connect
24-10-29.19:49:48.343 [org.springframework.amqp.rabbit.RabbitListenerEndpointContainer#0-2] ERROR SimpleMessageListenerContainer - Failed to check/redeclare auto-delete queue(s).
24-10-29.19:49:51.360 [org.springframework.amqp.rabbit.RabbitListenerEndpointContainer#1-1] WARN  SimpleMessageListenerContainer - Consumer raised exception, processing can restart if the connection factory supports it. Exception summary: org.springframework.amqp.AmqpConnectException: java.net.ConnectException: Connection refused: connect
24-10-29.19:49:52.463 [RMI TCP Connection(9)-172.23.80.1] WARN  RabbitHealthIndicator  - Rabbit health check failed
org.springframework.amqp.AmqpConnectException: java.net.ConnectException: Connection refused: connect
	at org.springframework.amqp.rabbit.support.RabbitExceptionTranslator.convertRabbitAccessException(RabbitExceptionTranslator.java:61)
	at org.springframework.amqp.rabbit.connection.AbstractConnectionFactory.createBareConnection(AbstractConnectionFactory.java:603)
	at org.springframework.amqp.rabbit.connection.CachingConnectionFactory.createConnection(CachingConnectionFactory.java:725)
	at org.springframework.amqp.rabbit.connection.ConnectionFactoryUtils.createConnection(ConnectionFactoryUtils.java:252)
	at org.springframework.amqp.rabbit.core.RabbitTemplate.doExecute(RabbitTemplate.java:2210)
	at org.springframework.amqp.rabbit.core.RabbitTemplate.execute(RabbitTemplate.java:2183)
	at org.springframework.amqp.rabbit.core.RabbitTemplate.execute(RabbitTemplate.java:2163)
	at org.springframework.boot.actuate.amqp.RabbitHealthIndicator.getVersion(RabbitHealthIndicator.java:49)
	at org.springframework.boot.actuate.amqp.RabbitHealthIndicator.doHealthCheck(RabbitHealthIndicator.java:44)
	at org.springframework.boot.actuate.health.AbstractHealthIndicator.health(AbstractHealthIndicator.java:82)
	at org.springframework.boot.actuate.health.HealthIndicator.getHealth(HealthIndicator.java:37)
	at org.springframework.boot.actuate.health.HealthEndpoint.getHealth(HealthEndpoint.java:94)
	at org.springframework.boot.actuate.health.HealthEndpoint.getHealth(HealthEndpoint.java:41)
	at org.springframework.boot.actuate.health.HealthEndpointSupport.getLoggedHealth(HealthEndpointSupport.java:172)
	at org.springframework.boot.actuate.health.HealthEndpointSupport.getContribution(HealthEndpointSupport.java:145)
	at org.springframework.boot.actuate.health.HealthEndpointSupport.getAggregateContribution(HealthEndpointSupport.java:156)
	at org.springframework.boot.actuate.health.HealthEndpointSupport.getContribution(HealthEndpointSupport.java:141)
	at org.springframework.boot.actuate.health.HealthEndpointSupport.getHealth(HealthEndpointSupport.java:110)
	at org.springframework.boot.actuate.health.HealthEndpointSupport.getHealth(HealthEndpointSupport.java:81)
	at org.springframework.boot.actuate.health.HealthEndpoint.health(HealthEndpoint.java:88)
	at org.springframework.boot.actuate.health.HealthEndpoint.health(HealthEndpoint.java:78)
	at sun.reflect.NativeMethodAccessorImpl.invoke0(Native Method)
	at sun.reflect.NativeMethodAccessorImpl.invoke(NativeMethodAccessorImpl.java:62)
	at sun.reflect.DelegatingMethodAccessorImpl.invoke(DelegatingMethodAccessorImpl.java:43)
	at java.lang.reflect.Method.invoke(Method.java:498)
	at org.springframework.util.ReflectionUtils.invokeMethod(ReflectionUtils.java:282)
	at org.springframework.boot.actuate.endpoint.invoke.reflect.ReflectiveOperationInvoker.invoke(ReflectiveOperationInvoker.java:74)
	at org.springframework.boot.actuate.endpoint.annotation.AbstractDiscoveredOperation.invoke(AbstractDiscoveredOperation.java:60)
	at org.springframework.boot.actuate.endpoint.jmx.EndpointMBean.invoke(EndpointMBean.java:124)
	at org.springframework.boot.actuate.endpoint.jmx.EndpointMBean.invoke(EndpointMBean.java:97)
	at com.sun.jmx.interceptor.DefaultMBeanServerInterceptor.invoke(DefaultMBeanServerInterceptor.java:819)
	at com.sun.jmx.mbeanserver.JmxMBeanServer.invoke(JmxMBeanServer.java:801)
	at javax.management.remote.rmi.RMIConnectionImpl.doOperation(RMIConnectionImpl.java:1468)
	at javax.management.remote.rmi.RMIConnectionImpl.access$300(RMIConnectionImpl.java:76)
	at javax.management.remote.rmi.RMIConnectionImpl$PrivilegedOperation.run(RMIConnectionImpl.java:1309)
	at javax.management.remote.rmi.RMIConnectionImpl.doPrivilegedOperation(RMIConnectionImpl.java:1401)
	at javax.management.remote.rmi.RMIConnectionImpl.invoke(RMIConnectionImpl.java:829)
	at sun.reflect.GeneratedMethodAccessor23.invoke(Unknown Source)
	at sun.reflect.DelegatingMethodAccessorImpl.invoke(DelegatingMethodAccessorImpl.java:43)
	at java.lang.reflect.Method.invoke(Method.java:498)
	at sun.rmi.server.UnicastServerRef.dispatch(UnicastServerRef.java:357)
	at sun.rmi.transport.Transport$1.run(Transport.java:200)
	at sun.rmi.transport.Transport$1.run(Transport.java:197)
	at java.security.AccessController.doPrivileged(Native Method)
	at sun.rmi.transport.Transport.serviceCall(Transport.java:196)
	at sun.rmi.transport.tcp.TCPTransport.handleMessages(TCPTransport.java:573)
	at sun.rmi.transport.tcp.TCPTransport$ConnectionHandler.run0(TCPTransport.java:834)
	at sun.rmi.transport.tcp.TCPTransport$ConnectionHandler.lambda$run$0(TCPTransport.java:688)
	at java.security.AccessController.doPrivileged(Native Method)
	at sun.rmi.transport.tcp.TCPTransport$ConnectionHandler.run(TCPTransport.java:687)
	at java.util.concurrent.ThreadPoolExecutor.runWorker(ThreadPoolExecutor.java:1149)
	at java.util.concurrent.ThreadPoolExecutor$Worker.run(ThreadPoolExecutor.java:624)
	at java.lang.Thread.run(Thread.java:750)
Caused by: java.net.ConnectException: Connection refused: connect
	at java.net.DualStackPlainSocketImpl.waitForConnect(Native Method)
	at java.net.DualStackPlainSocketImpl.socketConnect(DualStackPlainSocketImpl.java:81)
	at java.net.AbstractPlainSocketImpl.doConnect(AbstractPlainSocketImpl.java:476)
	at java.net.AbstractPlainSocketImpl.connectToAddress(AbstractPlainSocketImpl.java:218)
	at java.net.AbstractPlainSocketImpl.connect(AbstractPlainSocketImpl.java:200)
	at java.net.PlainSocketImpl.connect(PlainSocketImpl.java:162)
	at java.net.SocksSocketImpl.connect(SocksSocketImpl.java:394)
	at java.net.Socket.connect(Socket.java:606)
	at com.rabbitmq.client.impl.SocketFrameHandlerFactory.create(SocketFrameHandlerFactory.java:60)
	at com.rabbitmq.client.ConnectionFactory.newConnection(ConnectionFactory.java:1223)
	at com.rabbitmq.client.ConnectionFactory.newConnection(ConnectionFactory.java:1173)
	at org.springframework.amqp.rabbit.connection.AbstractConnectionFactory.connectAddresses(AbstractConnectionFactory.java:641)
	at org.springframework.amqp.rabbit.connection.AbstractConnectionFactory.connect(AbstractConnectionFactory.java:616)
	at org.springframework.amqp.rabbit.connection.AbstractConnectionFactory.createBareConnection(AbstractConnectionFactory.java:566)
	... 51 common frames omitted
24-10-29.19:49:54.521 [org.springframework.amqp.rabbit.RabbitListenerEndpointContainer#1-2] ERROR SimpleMessageListenerContainer - Failed to check/redeclare auto-delete queue(s).
24-10-29.19:49:55.501 [org.springframework.amqp.rabbit.RabbitListenerEndpointContainer#0-2] WARN  SimpleMessageListenerContainer - Consumer raised exception, processing can restart if the connection factory supports it. Exception summary: org.springframework.amqp.AmqpConnectException: java.net.ConnectException: Connection refused: connect
24-10-29.19:49:58.636 [org.springframework.amqp.rabbit.RabbitListenerEndpointContainer#0-3] ERROR SimpleMessageListenerContainer - Failed to check/redeclare auto-delete queue(s).
24-10-29.19:50:01.651 [org.springframework.amqp.rabbit.RabbitListenerEndpointContainer#1-2] WARN  SimpleMessageListenerContainer - Consumer raised exception, processing can restart if the connection factory supports it. Exception summary: org.springframework.amqp.AmqpConnectException: java.net.ConnectException: Connection refused: connect
24-10-29.19:50:03.701 [org.springframework.amqp.rabbit.RabbitListenerEndpointContainer#1-3] ERROR SimpleMessageListenerContainer - Failed to check/redeclare auto-delete queue(s).
24-10-29.19:50:05.756 [org.springframework.amqp.rabbit.RabbitListenerEndpointContainer#0-3] WARN  SimpleMessageListenerContainer - Consumer raised exception, processing can restart if the connection factory supports it. Exception summary: org.springframework.amqp.AmqpConnectException: java.net.ConnectException: Connection refused: connect
24-10-29.19:50:07.801 [org.springframework.amqp.rabbit.RabbitListenerEndpointContainer#0-4] ERROR SimpleMessageListenerContainer - Failed to check/redeclare auto-delete queue(s).
24-10-29.19:50:10.822 [org.springframework.amqp.rabbit.RabbitListenerEndpointContainer#1-3] WARN  SimpleMessageListenerContainer - Consumer raised exception, processing can restart if the connection factory supports it. Exception summary: org.springframework.amqp.AmqpConnectException: java.net.ConnectException: Connection refused: connect
24-10-29.19:50:12.861 [org.springframework.amqp.rabbit.RabbitListenerEndpointContainer#1-4] ERROR SimpleMessageListenerContainer - Failed to check/redeclare auto-delete queue(s).
24-10-29.19:50:14.931 [org.springframework.amqp.rabbit.RabbitListenerEndpointContainer#0-4] WARN  SimpleMessageListenerContainer - Consumer raised exception, processing can restart if the connection factory supports it. Exception summary: org.springframework.amqp.AmqpConnectException: java.net.ConnectException: Connection refused: connect
24-10-29.19:50:16.990 [org.springframework.amqp.rabbit.RabbitListenerEndpointContainer#0-5] ERROR SimpleMessageListenerContainer - Failed to check/redeclare auto-delete queue(s).
24-10-29.19:50:19.996 [org.springframework.amqp.rabbit.RabbitListenerEndpointContainer#1-4] WARN  SimpleMessageListenerContainer - Consumer raised exception, processing can restart if the connection factory supports it. Exception summary: org.springframework.amqp.AmqpConnectException: java.net.ConnectException: Connection refused: connect
24-10-29.19:50:22.057 [org.springframework.amqp.rabbit.RabbitListenerEndpointContainer#1-5] ERROR SimpleMessageListenerContainer - Failed to check/redeclare auto-delete queue(s).
24-10-29.19:50:24.168 [org.springframework.amqp.rabbit.RabbitListenerEndpointContainer#0-5] WARN  SimpleMessageListenerContainer - Consumer raised exception, processing can restart if the connection factory supports it. Exception summary: org.springframework.amqp.AmqpConnectException: java.net.ConnectException: Connection refused: connect
24-10-29.19:50:26.257 [org.springframework.amqp.rabbit.RabbitListenerEndpointContainer#0-6] ERROR SimpleMessageListenerContainer - Failed to check/redeclare auto-delete queue(s).
24-10-29.19:50:29.175 [org.springframework.amqp.rabbit.RabbitListenerEndpointContainer#1-5] WARN  SimpleMessageListenerContainer - Consumer raised exception, processing can restart if the connection factory supports it. Exception summary: org.springframework.amqp.AmqpConnectException: java.net.ConnectException: Connection refused: connect
24-10-29.19:50:31.248 [org.springframework.amqp.rabbit.RabbitListenerEndpointContainer#1-6] ERROR SimpleMessageListenerContainer - Failed to check/redeclare auto-delete queue(s).
24-10-29.19:50:33.425 [org.springframework.amqp.rabbit.RabbitListenerEndpointContainer#0-6] WARN  SimpleMessageListenerContainer - Consumer raised exception, processing can restart if the connection factory supports it. Exception summary: org.springframework.amqp.AmqpConnectException: java.net.ConnectException: Connection refused: connect
24-10-29.19:50:35.460 [org.springframework.amqp.rabbit.RabbitListenerEndpointContainer#0-7] ERROR SimpleMessageListenerContainer - Failed to check/redeclare auto-delete queue(s).
24-10-29.19:50:38.424 [org.springframework.amqp.rabbit.RabbitListenerEndpointContainer#1-6] WARN  SimpleMessageListenerContainer - Consumer raised exception, processing can restart if the connection factory supports it. Exception summary: org.springframework.amqp.AmqpConnectException: java.net.ConnectException: Connection refused: connect
24-10-29.19:50:40.480 [org.springframework.amqp.rabbit.RabbitListenerEndpointContainer#1-7] ERROR SimpleMessageListenerContainer - Failed to check/redeclare auto-delete queue(s).
24-10-29.19:50:42.613 [org.springframework.amqp.rabbit.RabbitListenerEndpointContainer#0-7] WARN  SimpleMessageListenerContainer - Consumer raised exception, processing can restart if the connection factory supports it. Exception summary: org.springframework.amqp.AmqpConnectException: java.net.ConnectException: Connection refused: connect
24-10-29.19:50:44.669 [org.springframework.amqp.rabbit.RabbitListenerEndpointContainer#0-8] ERROR SimpleMessageListenerContainer - Failed to check/redeclare auto-delete queue(s).
24-10-29.19:50:47.614 [org.springframework.amqp.rabbit.RabbitListenerEndpointContainer#1-7] WARN  SimpleMessageListenerContainer - Consumer raised exception, processing can restart if the connection factory supports it. Exception summary: org.springframework.amqp.AmqpConnectException: java.net.ConnectException: Connection refused: connect
24-10-29.19:50:49.666 [org.springframework.amqp.rabbit.RabbitListenerEndpointContainer#1-8] ERROR SimpleMessageListenerContainer - Failed to check/redeclare auto-delete queue(s).
24-10-29.19:50:51.807 [org.springframework.amqp.rabbit.RabbitListenerEndpointContainer#0-8] WARN  SimpleMessageListenerContainer - Consumer raised exception, processing can restart if the connection factory supports it. Exception summary: org.springframework.amqp.AmqpConnectException: java.net.ConnectException: Connection refused: connect
24-10-29.19:50:53.844 [org.springframework.amqp.rabbit.RabbitListenerEndpointContainer#0-9] ERROR SimpleMessageListenerContainer - Failed to check/redeclare auto-delete queue(s).
24-10-29.19:50:56.812 [org.springframework.amqp.rabbit.RabbitListenerEndpointContainer#1-8] WARN  SimpleMessageListenerContainer - Consumer raised exception, processing can restart if the connection factory supports it. Exception summary: org.springframework.amqp.AmqpConnectException: java.net.ConnectException: Connection refused: connect
24-10-29.19:50:58.865 [org.springframework.amqp.rabbit.RabbitListenerEndpointContainer#1-9] ERROR SimpleMessageListenerContainer - Failed to check/redeclare auto-delete queue(s).
24-10-29.19:51:00.976 [org.springframework.amqp.rabbit.RabbitListenerEndpointContainer#0-9] WARN  SimpleMessageListenerContainer - Consumer raised exception, processing can restart if the connection factory supports it. Exception summary: org.springframework.amqp.AmqpConnectException: java.net.ConnectException: Connection refused: connect
24-10-29.19:51:03.021 [org.springframework.amqp.rabbit.RabbitListenerEndpointContainer#0-10] ERROR SimpleMessageListenerContainer - Failed to check/redeclare auto-delete queue(s).
24-10-29.19:51:05.994 [org.springframework.amqp.rabbit.RabbitListenerEndpointContainer#1-9] WARN  SimpleMessageListenerContainer - Consumer raised exception, processing can restart if the connection factory supports it. Exception summary: org.springframework.amqp.AmqpConnectException: java.net.ConnectException: Connection refused: connect
24-10-29.19:51:08.047 [org.springframework.amqp.rabbit.RabbitListenerEndpointContainer#1-10] ERROR SimpleMessageListenerContainer - Failed to check/redeclare auto-delete queue(s).
24-10-29.19:51:10.147 [org.springframework.amqp.rabbit.RabbitListenerEndpointContainer#0-10] WARN  SimpleMessageListenerContainer - Consumer raised exception, processing can restart if the connection factory supports it. Exception summary: org.springframework.amqp.AmqpConnectException: java.net.ConnectException: Connection refused: connect
24-10-29.19:51:12.215 [org.springframework.amqp.rabbit.RabbitListenerEndpointContainer#0-11] ERROR SimpleMessageListenerContainer - Failed to check/redeclare auto-delete queue(s).
24-10-29.19:51:15.229 [org.springframework.amqp.rabbit.RabbitListenerEndpointContainer#1-10] WARN  SimpleMessageListenerContainer - Consumer raised exception, processing can restart if the connection factory supports it. Exception summary: org.springframework.amqp.AmqpConnectException: java.net.ConnectException: Connection refused: connect
24-10-29.19:51:17.284 [org.springframework.amqp.rabbit.RabbitListenerEndpointContainer#1-11] ERROR SimpleMessageListenerContainer - Failed to check/redeclare auto-delete queue(s).
24-10-29.19:51:19.307 [org.springframework.amqp.rabbit.RabbitListenerEndpointContainer#0-11] WARN  SimpleMessageListenerContainer - Consumer raised exception, processing can restart if the connection factory supports it. Exception summary: org.springframework.amqp.AmqpConnectException: java.net.ConnectException: Connection refused: connect
24-10-29.19:51:21.398 [org.springframework.amqp.rabbit.RabbitListenerEndpointContainer#0-12] ERROR SimpleMessageListenerContainer - Failed to check/redeclare auto-delete queue(s).
24-10-29.19:51:24.436 [org.springframework.amqp.rabbit.RabbitListenerEndpointContainer#1-11] WARN  SimpleMessageListenerContainer - Consumer raised exception, processing can restart if the connection factory supports it. Exception summary: org.springframework.amqp.AmqpConnectException: java.net.ConnectException: Connection refused: connect
24-10-29.19:51:26.504 [org.springframework.amqp.rabbit.RabbitListenerEndpointContainer#1-12] ERROR SimpleMessageListenerContainer - Failed to check/redeclare auto-delete queue(s).
24-10-29.19:51:28.528 [org.springframework.amqp.rabbit.RabbitListenerEndpointContainer#0-12] WARN  SimpleMessageListenerContainer - Consumer raised exception, processing can restart if the connection factory supports it. Exception summary: org.springframework.amqp.AmqpConnectException: java.net.ConnectException: Connection refused: connect
24-10-29.19:51:30.602 [org.springframework.amqp.rabbit.RabbitListenerEndpointContainer#0-13] ERROR SimpleMessageListenerContainer - Failed to check/redeclare auto-delete queue(s).
24-10-29.19:51:33.649 [org.springframework.amqp.rabbit.RabbitListenerEndpointContainer#1-12] WARN  SimpleMessageListenerContainer - Consumer raised exception, processing can restart if the connection factory supports it. Exception summary: org.springframework.amqp.AmqpConnectException: java.net.ConnectException: Connection refused: connect
24-10-29.19:51:35.692 [org.springframework.amqp.rabbit.RabbitListenerEndpointContainer#1-13] ERROR SimpleMessageListenerContainer - Failed to check/redeclare auto-delete queue(s).
24-10-29.19:51:37.701 [org.springframework.amqp.rabbit.RabbitListenerEndpointContainer#0-13] WARN  SimpleMessageListenerContainer - Consumer raised exception, processing can restart if the connection factory supports it. Exception summary: org.springframework.amqp.AmqpConnectException: java.net.ConnectException: Connection refused: connect
24-10-29.19:51:39.802 [org.springframework.amqp.rabbit.RabbitListenerEndpointContainer#0-14] ERROR SimpleMessageListenerContainer - Failed to check/redeclare auto-delete queue(s).
24-10-29.19:51:42.834 [org.springframework.amqp.rabbit.RabbitListenerEndpointContainer#1-13] WARN  SimpleMessageListenerContainer - Consumer raised exception, processing can restart if the connection factory supports it. Exception summary: org.springframework.amqp.AmqpConnectException: java.net.ConnectException: Connection refused: connect
24-10-29.19:51:44.910 [org.springframework.amqp.rabbit.RabbitListenerEndpointContainer#1-14] ERROR SimpleMessageListenerContainer - Failed to check/redeclare auto-delete queue(s).
24-10-29.19:51:46.931 [org.springframework.amqp.rabbit.RabbitListenerEndpointContainer#0-14] WARN  SimpleMessageListenerContainer - Consumer raised exception, processing can restart if the connection factory supports it. Exception summary: org.springframework.amqp.AmqpConnectException: java.net.ConnectException: Connection refused: connect
24-10-29.19:51:49.004 [org.springframework.amqp.rabbit.RabbitListenerEndpointContainer#0-15] ERROR SimpleMessageListenerContainer - Failed to check/redeclare auto-delete queue(s).
24-10-29.19:51:52.041 [org.springframework.amqp.rabbit.RabbitListenerEndpointContainer#1-14] WARN  SimpleMessageListenerContainer - Consumer raised exception, processing can restart if the connection factory supports it. Exception summary: org.springframework.amqp.AmqpConnectException: java.net.ConnectException: Connection refused: connect
24-10-29.19:51:54.099 [org.springframework.amqp.rabbit.RabbitListenerEndpointContainer#1-15] ERROR SimpleMessageListenerContainer - Failed to check/redeclare auto-delete queue(s).
24-10-29.19:51:56.133 [org.springframework.amqp.rabbit.RabbitListenerEndpointContainer#0-15] WARN  SimpleMessageListenerContainer - Consumer raised exception, processing can restart if the connection factory supports it. Exception summary: org.springframework.amqp.AmqpConnectException: java.net.ConnectException: Connection refused: connect
24-10-29.19:51:58.214 [org.springframework.amqp.rabbit.RabbitListenerEndpointContainer#0-16] ERROR SimpleMessageListenerContainer - Failed to check/redeclare auto-delete queue(s).
24-10-29.19:52:01.257 [org.springframework.amqp.rabbit.RabbitListenerEndpointContainer#1-15] WARN  SimpleMessageListenerContainer - Consumer raised exception, processing can restart if the connection factory supports it. Exception summary: org.springframework.amqp.AmqpConnectException: java.net.ConnectException: Connection refused: connect
24-10-29.19:52:03.317 [org.springframework.amqp.rabbit.RabbitListenerEndpointContainer#1-16] ERROR SimpleMessageListenerContainer - Failed to check/redeclare auto-delete queue(s).
24-10-29.19:52:05.324 [org.springframework.amqp.rabbit.RabbitListenerEndpointContainer#0-16] WARN  SimpleMessageListenerContainer - Consumer raised exception, processing can restart if the connection factory supports it. Exception summary: org.springframework.amqp.AmqpConnectException: java.net.ConnectException: Connection refused: connect
24-10-29.19:52:07.424 [org.springframework.amqp.rabbit.RabbitListenerEndpointContainer#0-17] ERROR SimpleMessageListenerContainer - Failed to check/redeclare auto-delete queue(s).
24-10-29.19:52:10.448 [org.springframework.amqp.rabbit.RabbitListenerEndpointContainer#1-16] WARN  SimpleMessageListenerContainer - Consumer raised exception, processing can restart if the connection factory supports it. Exception summary: org.springframework.amqp.AmqpConnectException: java.net.ConnectException: Connection refused: connect
24-10-29.19:52:12.516 [org.springframework.amqp.rabbit.RabbitListenerEndpointContainer#1-17] ERROR SimpleMessageListenerContainer - Failed to check/redeclare auto-delete queue(s).
24-10-29.19:52:14.534 [org.springframework.amqp.rabbit.RabbitListenerEndpointContainer#0-17] WARN  SimpleMessageListenerContainer - Consumer raised exception, processing can restart if the connection factory supports it. Exception summary: org.springframework.amqp.AmqpConnectException: java.net.ConnectException: Connection refused: connect
24-10-29.19:52:16.638 [org.springframework.amqp.rabbit.RabbitListenerEndpointContainer#0-18] ERROR SimpleMessageListenerContainer - Failed to check/redeclare auto-delete queue(s).
24-10-29.19:52:19.666 [org.springframework.amqp.rabbit.RabbitListenerEndpointContainer#1-17] WARN  SimpleMessageListenerContainer - Consumer raised exception, processing can restart if the connection factory supports it. Exception summary: org.springframework.amqp.AmqpConnectException: java.net.ConnectException: Connection refused: connect
24-10-29.19:52:21.713 [org.springframework.amqp.rabbit.RabbitListenerEndpointContainer#1-18] ERROR SimpleMessageListenerContainer - Failed to check/redeclare auto-delete queue(s).
24-10-29.19:52:23.746 [org.springframework.amqp.rabbit.RabbitListenerEndpointContainer#0-18] WARN  SimpleMessageListenerContainer - Consumer raised exception, processing can restart if the connection factory supports it. Exception summary: org.springframework.amqp.AmqpConnectException: java.net.ConnectException: Connection refused: connect
24-10-29.19:52:25.831 [org.springframework.amqp.rabbit.RabbitListenerEndpointContainer#0-19] ERROR SimpleMessageListenerContainer - Failed to check/redeclare auto-delete queue(s).
24-10-29.19:52:28.846 [org.springframework.amqp.rabbit.RabbitListenerEndpointContainer#1-18] WARN  SimpleMessageListenerContainer - Consumer raised exception, processing can restart if the connection factory supports it. Exception summary: org.springframework.amqp.AmqpConnectException: java.net.ConnectException: Connection refused: connect
24-10-29.19:52:30.905 [org.springframework.amqp.rabbit.RabbitListenerEndpointContainer#1-19] ERROR SimpleMessageListenerContainer - Failed to check/redeclare auto-delete queue(s).
24-10-29.19:52:32.981 [org.springframework.amqp.rabbit.RabbitListenerEndpointContainer#0-19] WARN  SimpleMessageListenerContainer - Consumer raised exception, processing can restart if the connection factory supports it. Exception summary: org.springframework.amqp.AmqpConnectException: java.net.ConnectException: Connection refused: connect
24-10-29.19:52:35.037 [org.springframework.amqp.rabbit.RabbitListenerEndpointContainer#0-20] ERROR SimpleMessageListenerContainer - Failed to check/redeclare auto-delete queue(s).
24-10-29.19:52:38.023 [org.springframework.amqp.rabbit.RabbitListenerEndpointContainer#1-19] WARN  SimpleMessageListenerContainer - Consumer raised exception, processing can restart if the connection factory supports it. Exception summary: org.springframework.amqp.AmqpConnectException: java.net.ConnectException: Connection refused: connect
24-10-29.19:52:40.076 [org.springframework.amqp.rabbit.RabbitListenerEndpointContainer#1-20] ERROR SimpleMessageListenerContainer - Failed to check/redeclare auto-delete queue(s).
24-10-29.19:52:42.136 [org.springframework.amqp.rabbit.RabbitListenerEndpointContainer#0-20] WARN  SimpleMessageListenerContainer - Consumer raised exception, processing can restart if the connection factory supports it. Exception summary: org.springframework.amqp.AmqpConnectException: java.net.ConnectException: Connection refused: connect
24-10-29.19:52:44.185 [org.springframework.amqp.rabbit.RabbitListenerEndpointContainer#0-21] ERROR SimpleMessageListenerContainer - Failed to check/redeclare auto-delete queue(s).
24-10-29.19:52:47.206 [org.springframework.amqp.rabbit.RabbitListenerEndpointContainer#1-20] WARN  SimpleMessageListenerContainer - Consumer raised exception, processing can restart if the connection factory supports it. Exception summary: org.springframework.amqp.AmqpConnectException: java.net.ConnectException: Connection refused: connect
24-10-29.19:52:49.246 [org.springframework.amqp.rabbit.RabbitListenerEndpointContainer#1-21] ERROR SimpleMessageListenerContainer - Failed to check/redeclare auto-delete queue(s).
24-10-29.19:52:51.365 [org.springframework.amqp.rabbit.RabbitListenerEndpointContainer#0-21] WARN  SimpleMessageListenerContainer - Consumer raised exception, processing can restart if the connection factory supports it. Exception summary: org.springframework.amqp.AmqpConnectException: java.net.ConnectException: Connection refused: connect
24-10-29.19:52:53.434 [org.springframework.amqp.rabbit.RabbitListenerEndpointContainer#0-22] ERROR SimpleMessageListenerContainer - Failed to check/redeclare auto-delete queue(s).
24-10-29.19:52:56.407 [org.springframework.amqp.rabbit.RabbitListenerEndpointContainer#1-21] WARN  SimpleMessageListenerContainer - Consumer raised exception, processing can restart if the connection factory supports it. Exception summary: org.springframework.amqp.AmqpConnectException: java.net.ConnectException: Connection refused: connect
24-10-29.19:52:58.457 [org.springframework.amqp.rabbit.RabbitListenerEndpointContainer#1-22] ERROR SimpleMessageListenerContainer - Failed to check/redeclare auto-delete queue(s).
24-10-29.19:53:00.602 [org.springframework.amqp.rabbit.RabbitListenerEndpointContainer#0-22] WARN  SimpleMessageListenerContainer - Consumer raised exception, processing can restart if the connection factory supports it. Exception summary: org.springframework.amqp.AmqpConnectException: java.net.ConnectException: Connection refused: connect
24-10-29.19:53:02.655 [org.springframework.amqp.rabbit.RabbitListenerEndpointContainer#0-23] ERROR SimpleMessageListenerContainer - Failed to check/redeclare auto-delete queue(s).
24-10-29.19:53:05.580 [org.springframework.amqp.rabbit.RabbitListenerEndpointContainer#1-22] WARN  SimpleMessageListenerContainer - Consumer raised exception, processing can restart if the connection factory supports it. Exception summary: org.springframework.amqp.AmqpConnectException: java.net.ConnectException: Connection refused: connect
24-10-29.19:53:07.639 [org.springframework.amqp.rabbit.RabbitListenerEndpointContainer#1-23] ERROR SimpleMessageListenerContainer - Failed to check/redeclare auto-delete queue(s).
24-10-29.19:53:09.781 [org.springframework.amqp.rabbit.RabbitListenerEndpointContainer#0-23] WARN  SimpleMessageListenerContainer - Consumer raised exception, processing can restart if the connection factory supports it. Exception summary: org.springframework.amqp.AmqpConnectException: java.net.ConnectException: Connection refused: connect
24-10-29.19:53:11.854 [org.springframework.amqp.rabbit.RabbitListenerEndpointContainer#0-24] ERROR SimpleMessageListenerContainer - Failed to check/redeclare auto-delete queue(s).
24-10-29.19:53:14.781 [org.springframework.amqp.rabbit.RabbitListenerEndpointContainer#1-23] WARN  SimpleMessageListenerContainer - Consumer raised exception, processing can restart if the connection factory supports it. Exception summary: org.springframework.amqp.AmqpConnectException: java.net.ConnectException: Connection refused: connect
24-10-29.19:53:16.847 [org.springframework.amqp.rabbit.RabbitListenerEndpointContainer#1-24] ERROR SimpleMessageListenerContainer - Failed to check/redeclare auto-delete queue(s).
24-10-29.19:53:19.005 [org.springframework.amqp.rabbit.RabbitListenerEndpointContainer#0-24] WARN  SimpleMessageListenerContainer - Consumer raised exception, processing can restart if the connection factory supports it. Exception summary: org.springframework.amqp.AmqpConnectException: java.net.ConnectException: Connection refused: connect
24-10-29.19:53:21.054 [org.springframework.amqp.rabbit.RabbitListenerEndpointContainer#0-25] ERROR SimpleMessageListenerContainer - Failed to check/redeclare auto-delete queue(s).
24-10-29.19:53:23.949 [org.springframework.amqp.rabbit.RabbitListenerEndpointContainer#1-24] WARN  SimpleMessageListenerContainer - Consumer raised exception, processing can restart if the connection factory supports it. Exception summary: org.springframework.amqp.AmqpConnectException: java.net.ConnectException: Connection refused: connect
24-10-29.19:53:26.006 [org.springframework.amqp.rabbit.RabbitListenerEndpointContainer#1-25] ERROR SimpleMessageListenerContainer - Failed to check/redeclare auto-delete queue(s).
24-10-29.19:53:28.174 [org.springframework.amqp.rabbit.RabbitListenerEndpointContainer#0-25] WARN  SimpleMessageListenerContainer - Consumer raised exception, processing can restart if the connection factory supports it. Exception summary: org.springframework.amqp.AmqpConnectException: java.net.ConnectException: Connection refused: connect
24-10-29.19:53:30.225 [org.springframework.amqp.rabbit.RabbitListenerEndpointContainer#0-26] ERROR SimpleMessageListenerContainer - Failed to check/redeclare auto-delete queue(s).
24-10-29.19:53:33.153 [org.springframework.amqp.rabbit.RabbitListenerEndpointContainer#1-25] WARN  SimpleMessageListenerContainer - Consumer raised exception, processing can restart if the connection factory supports it. Exception summary: org.springframework.amqp.AmqpConnectException: java.net.ConnectException: Connection refused: connect
24-10-29.19:53:35.214 [org.springframework.amqp.rabbit.RabbitListenerEndpointContainer#1-26] ERROR SimpleMessageListenerContainer - Failed to check/redeclare auto-delete queue(s).
24-10-29.19:53:37.345 [org.springframework.amqp.rabbit.RabbitListenerEndpointContainer#0-26] WARN  SimpleMessageListenerContainer - Consumer raised exception, processing can restart if the connection factory supports it. Exception summary: org.springframework.amqp.AmqpConnectException: java.net.ConnectException: Connection refused: connect
24-10-29.19:53:39.393 [org.springframework.amqp.rabbit.RabbitListenerEndpointContainer#0-27] ERROR SimpleMessageListenerContainer - Failed to check/redeclare auto-delete queue(s).
24-10-29.19:53:42.342 [org.springframework.amqp.rabbit.RabbitListenerEndpointContainer#1-26] WARN  SimpleMessageListenerContainer - Consumer raised exception, processing can restart if the connection factory supports it. Exception summary: org.springframework.amqp.AmqpConnectException: java.net.ConnectException: Connection refused: connect
24-10-29.19:53:44.418 [org.springframework.amqp.rabbit.RabbitListenerEndpointContainer#1-27] ERROR SimpleMessageListenerContainer - Failed to check/redeclare auto-delete queue(s).
24-10-29.19:53:46.511 [org.springframework.amqp.rabbit.RabbitListenerEndpointContainer#0-27] WARN  SimpleMessageListenerContainer - Consumer raised exception, processing can restart if the connection factory supports it. Exception summary: org.springframework.amqp.AmqpConnectException: java.net.ConnectException: Connection refused: connect
24-10-29.19:53:48.581 [org.springframework.amqp.rabbit.RabbitListenerEndpointContainer#0-28] ERROR SimpleMessageListenerContainer - Failed to check/redeclare auto-delete queue(s).
24-10-29.19:53:51.565 [org.springframework.amqp.rabbit.RabbitListenerEndpointContainer#1-27] WARN  SimpleMessageListenerContainer - Consumer raised exception, processing can restart if the connection factory supports it. Exception summary: org.springframework.amqp.AmqpConnectException: java.net.ConnectException: Connection refused: connect
24-10-29.19:53:53.636 [org.springframework.amqp.rabbit.RabbitListenerEndpointContainer#1-28] ERROR SimpleMessageListenerContainer - Failed to check/redeclare auto-delete queue(s).
24-10-29.19:53:55.691 [org.springframework.amqp.rabbit.RabbitListenerEndpointContainer#0-28] WARN  SimpleMessageListenerContainer - Consumer raised exception, processing can restart if the connection factory supports it. Exception summary: org.springframework.amqp.AmqpConnectException: java.net.ConnectException: Connection refused: connect
24-10-29.19:53:57.760 [org.springframework.amqp.rabbit.RabbitListenerEndpointContainer#0-29] ERROR SimpleMessageListenerContainer - Failed to check/redeclare auto-delete queue(s).
24-10-29.19:54:00.787 [org.springframework.amqp.rabbit.RabbitListenerEndpointContainer#1-28] WARN  SimpleMessageListenerContainer - Consumer raised exception, processing can restart if the connection factory supports it. Exception summary: org.springframework.amqp.AmqpConnectException: java.net.ConnectException: Connection refused: connect
24-10-29.19:54:02.859 [org.springframework.amqp.rabbit.RabbitListenerEndpointContainer#1-29] ERROR SimpleMessageListenerContainer - Failed to check/redeclare auto-delete queue(s).
24-10-29.19:54:04.888 [org.springframework.amqp.rabbit.RabbitListenerEndpointContainer#0-29] WARN  SimpleMessageListenerContainer - Consumer raised exception, processing can restart if the connection factory supports it. Exception summary: org.springframework.amqp.AmqpConnectException: java.net.ConnectException: Connection refused: connect
24-10-29.19:54:06.985 [org.springframework.amqp.rabbit.RabbitListenerEndpointContainer#0-30] ERROR SimpleMessageListenerContainer - Failed to check/redeclare auto-delete queue(s).
24-10-29.19:54:09.988 [org.springframework.amqp.rabbit.RabbitListenerEndpointContainer#1-29] WARN  SimpleMessageListenerContainer - Consumer raised exception, processing can restart if the connection factory supports it. Exception summary: org.springframework.amqp.AmqpConnectException: java.net.ConnectException: Connection refused: connect
24-10-29.19:54:12.060 [org.springframework.amqp.rabbit.RabbitListenerEndpointContainer#1-30] ERROR SimpleMessageListenerContainer - Failed to check/redeclare auto-delete queue(s).
24-10-29.19:54:14.093 [org.springframework.amqp.rabbit.RabbitListenerEndpointContainer#0-30] WARN  SimpleMessageListenerContainer - Consumer raised exception, processing can restart if the connection factory supports it. Exception summary: org.springframework.amqp.AmqpConnectException: java.net.ConnectException: Connection refused: connect
24-10-29.19:54:16.166 [org.springframework.amqp.rabbit.RabbitListenerEndpointContainer#0-31] ERROR SimpleMessageListenerContainer - Failed to check/redeclare auto-delete queue(s).
24-10-29.19:54:19.200 [org.springframework.amqp.rabbit.RabbitListenerEndpointContainer#1-30] WARN  SimpleMessageListenerContainer - Consumer raised exception, processing can restart if the connection factory supports it. Exception summary: org.springframework.amqp.AmqpConnectException: java.net.ConnectException: Connection refused: connect
24-10-29.19:54:21.255 [org.springframework.amqp.rabbit.RabbitListenerEndpointContainer#1-31] ERROR SimpleMessageListenerContainer - Failed to check/redeclare auto-delete queue(s).
24-10-29.19:54:23.294 [org.springframework.amqp.rabbit.RabbitListenerEndpointContainer#0-31] WARN  SimpleMessageListenerContainer - Consumer raised exception, processing can restart if the connection factory supports it. Exception summary: org.springframework.amqp.AmqpConnectException: java.net.ConnectException: Connection refused: connect
24-10-29.19:54:25.373 [org.springframework.amqp.rabbit.RabbitListenerEndpointContainer#0-32] ERROR SimpleMessageListenerContainer - Failed to check/redeclare auto-delete queue(s).
24-10-29.19:54:28.402 [org.springframework.amqp.rabbit.RabbitListenerEndpointContainer#1-31] WARN  SimpleMessageListenerContainer - Consumer raised exception, processing can restart if the connection factory supports it. Exception summary: org.springframework.amqp.AmqpConnectException: java.net.ConnectException: Connection refused: connect
24-10-29.19:54:30.446 [org.springframework.amqp.rabbit.RabbitListenerEndpointContainer#1-32] ERROR SimpleMessageListenerContainer - Failed to check/redeclare auto-delete queue(s).
24-10-29.19:54:32.508 [org.springframework.amqp.rabbit.RabbitListenerEndpointContainer#0-32] WARN  SimpleMessageListenerContainer - Consumer raised exception, processing can restart if the connection factory supports it. Exception summary: org.springframework.amqp.AmqpConnectException: java.net.ConnectException: Connection refused: connect
24-10-29.19:54:34.577 [org.springframework.amqp.rabbit.RabbitListenerEndpointContainer#0-33] ERROR SimpleMessageListenerContainer - Failed to check/redeclare auto-delete queue(s).
24-10-29.19:54:37.548 [org.springframework.amqp.rabbit.RabbitListenerEndpointContainer#1-32] WARN  SimpleMessageListenerContainer - Consumer raised exception, processing can restart if the connection factory supports it. Exception summary: org.springframework.amqp.AmqpConnectException: java.net.ConnectException: Connection refused: connect
24-10-29.19:54:39.602 [org.springframework.amqp.rabbit.RabbitListenerEndpointContainer#1-33] ERROR SimpleMessageListenerContainer - Failed to check/redeclare auto-delete queue(s).
24-10-29.19:54:41.724 [org.springframework.amqp.rabbit.RabbitListenerEndpointContainer#0-33] WARN  SimpleMessageListenerContainer - Consumer raised exception, processing can restart if the connection factory supports it. Exception summary: org.springframework.amqp.AmqpConnectException: java.net.ConnectException: Connection refused: connect
24-10-29.19:54:43.771 [org.springframework.amqp.rabbit.RabbitListenerEndpointContainer#0-34] ERROR SimpleMessageListenerContainer - Failed to check/redeclare auto-delete queue(s).
24-10-29.19:54:46.749 [org.springframework.amqp.rabbit.RabbitListenerEndpointContainer#1-33] WARN  SimpleMessageListenerContainer - Consumer raised exception, processing can restart if the connection factory supports it. Exception summary: org.springframework.amqp.AmqpConnectException: java.net.ConnectException: Connection refused: connect
24-10-29.19:54:48.815 [org.springframework.amqp.rabbit.RabbitListenerEndpointContainer#1-34] ERROR SimpleMessageListenerContainer - Failed to check/redeclare auto-delete queue(s).
24-10-29.19:54:50.891 [org.springframework.amqp.rabbit.RabbitListenerEndpointContainer#0-34] WARN  SimpleMessageListenerContainer - Consumer raised exception, processing can restart if the connection factory supports it. Exception summary: org.springframework.amqp.AmqpConnectException: java.net.ConnectException: Connection refused: connect
24-10-29.19:54:52.958 [org.springframework.amqp.rabbit.RabbitListenerEndpointContainer#0-35] ERROR SimpleMessageListenerContainer - Failed to check/redeclare auto-delete queue(s).
24-10-29.19:54:55.954 [org.springframework.amqp.rabbit.RabbitListenerEndpointContainer#1-34] WARN  SimpleMessageListenerContainer - Consumer raised exception, processing can restart if the connection factory supports it. Exception summary: org.springframework.amqp.AmqpConnectException: java.net.ConnectException: Connection refused: connect
24-10-29.19:54:58.039 [org.springframework.amqp.rabbit.RabbitListenerEndpointContainer#1-35] ERROR SimpleMessageListenerContainer - Failed to check/redeclare auto-delete queue(s).
24-10-29.19:55:00.091 [org.springframework.amqp.rabbit.RabbitListenerEndpointContainer#0-35] WARN  SimpleMessageListenerContainer - Consumer raised exception, processing can restart if the connection factory supports it. Exception summary: org.springframework.amqp.AmqpConnectException: java.net.ConnectException: Connection refused: connect
24-10-29.19:55:02.132 [org.springframework.amqp.rabbit.RabbitListenerEndpointContainer#0-36] ERROR SimpleMessageListenerContainer - Failed to check/redeclare auto-delete queue(s).
24-10-29.19:55:05.157 [org.springframework.amqp.rabbit.RabbitListenerEndpointContainer#1-35] WARN  SimpleMessageListenerContainer - Consumer raised exception, processing can restart if the connection factory supports it. Exception summary: org.springframework.amqp.AmqpConnectException: java.net.ConnectException: Connection refused: connect
24-10-29.19:55:07.212 [org.springframework.amqp.rabbit.RabbitListenerEndpointContainer#1-36] ERROR SimpleMessageListenerContainer - Failed to check/redeclare auto-delete queue(s).
24-10-29.19:55:09.277 [org.springframework.amqp.rabbit.RabbitListenerEndpointContainer#0-36] WARN  SimpleMessageListenerContainer - Consumer raised exception, processing can restart if the connection factory supports it. Exception summary: org.springframework.amqp.AmqpConnectException: java.net.ConnectException: Connection refused: connect
24-10-29.19:55:11.345 [org.springframework.amqp.rabbit.RabbitListenerEndpointContainer#0-37] ERROR SimpleMessageListenerContainer - Failed to check/redeclare auto-delete queue(s).
24-10-29.19:55:14.322 [org.springframework.amqp.rabbit.RabbitListenerEndpointContainer#1-36] WARN  SimpleMessageListenerContainer - Consumer raised exception, processing can restart if the connection factory supports it. Exception summary: org.springframework.amqp.AmqpConnectException: java.net.ConnectException: Connection refused: connect
24-10-29.19:55:16.388 [org.springframework.amqp.rabbit.RabbitListenerEndpointContainer#1-37] ERROR SimpleMessageListenerContainer - Failed to check/redeclare auto-delete queue(s).
24-10-29.19:55:18.464 [org.springframework.amqp.rabbit.RabbitListenerEndpointContainer#0-37] WARN  SimpleMessageListenerContainer - Consumer raised exception, processing can restart if the connection factory supports it. Exception summary: org.springframework.amqp.AmqpConnectException: java.net.ConnectException: Connection refused: connect
24-10-29.19:55:20.527 [org.springframework.amqp.rabbit.RabbitListenerEndpointContainer#0-38] ERROR SimpleMessageListenerContainer - Failed to check/redeclare auto-delete queue(s).
24-10-29.19:55:23.542 [org.springframework.amqp.rabbit.RabbitListenerEndpointContainer#1-37] WARN  SimpleMessageListenerContainer - Consumer raised exception, processing can restart if the connection factory supports it. Exception summary: org.springframework.amqp.AmqpConnectException: java.net.ConnectException: Connection refused: connect
24-10-29.19:55:25.599 [org.springframework.amqp.rabbit.RabbitListenerEndpointContainer#1-38] ERROR SimpleMessageListenerContainer - Failed to check/redeclare auto-delete queue(s).
24-10-29.19:55:27.715 [org.springframework.amqp.rabbit.RabbitListenerEndpointContainer#0-38] WARN  SimpleMessageListenerContainer - Consumer raised exception, processing can restart if the connection factory supports it. Exception summary: org.springframework.amqp.AmqpConnectException: java.net.ConnectException: Connection refused: connect
24-10-29.19:55:29.790 [org.springframework.amqp.rabbit.RabbitListenerEndpointContainer#0-39] ERROR SimpleMessageListenerContainer - Failed to check/redeclare auto-delete queue(s).
24-10-29.19:55:32.716 [org.springframework.amqp.rabbit.RabbitListenerEndpointContainer#1-38] WARN  SimpleMessageListenerContainer - Consumer raised exception, processing can restart if the connection factory supports it. Exception summary: org.springframework.amqp.AmqpConnectException: java.net.ConnectException: Connection refused: connect
24-10-29.19:55:34.773 [org.springframework.amqp.rabbit.RabbitListenerEndpointContainer#1-39] ERROR SimpleMessageListenerContainer - Failed to check/redeclare auto-delete queue(s).
24-10-29.19:55:36.923 [org.springframework.amqp.rabbit.RabbitListenerEndpointContainer#0-39] WARN  SimpleMessageListenerContainer - Consumer raised exception, processing can restart if the connection factory supports it. Exception summary: org.springframework.amqp.AmqpConnectException: java.net.ConnectException: Connection refused: connect
24-10-29.19:55:38.992 [org.springframework.amqp.rabbit.RabbitListenerEndpointContainer#0-40] ERROR SimpleMessageListenerContainer - Failed to check/redeclare auto-delete queue(s).
24-10-29.19:55:41.904 [org.springframework.amqp.rabbit.RabbitListenerEndpointContainer#1-39] WARN  SimpleMessageListenerContainer - Consumer raised exception, processing can restart if the connection factory supports it. Exception summary: org.springframework.amqp.AmqpConnectException: java.net.ConnectException: Connection refused: connect
24-10-29.19:55:43.961 [org.springframework.amqp.rabbit.RabbitListenerEndpointContainer#1-40] ERROR SimpleMessageListenerContainer - Failed to check/redeclare auto-delete queue(s).
24-10-29.19:55:46.139 [org.springframework.amqp.rabbit.RabbitListenerEndpointContainer#0-40] WARN  SimpleMessageListenerContainer - Consumer raised exception, processing can restart if the connection factory supports it. Exception summary: org.springframework.amqp.AmqpConnectException: java.net.ConnectException: Connection refused: connect
24-10-29.19:55:48.205 [org.springframework.amqp.rabbit.RabbitListenerEndpointContainer#0-41] ERROR SimpleMessageListenerContainer - Failed to check/redeclare auto-delete queue(s).
24-10-29.19:55:51.120 [org.springframework.amqp.rabbit.RabbitListenerEndpointContainer#1-40] WARN  SimpleMessageListenerContainer - Consumer raised exception, processing can restart if the connection factory supports it. Exception summary: org.springframework.amqp.AmqpConnectException: java.net.ConnectException: Connection refused: connect
24-10-29.19:55:53.187 [org.springframework.amqp.rabbit.RabbitListenerEndpointContainer#1-41] ERROR SimpleMessageListenerContainer - Failed to check/redeclare auto-delete queue(s).
24-10-29.19:55:55.357 [org.springframework.amqp.rabbit.RabbitListenerEndpointContainer#0-41] WARN  SimpleMessageListenerContainer - Consumer raised exception, processing can restart if the connection factory supports it. Exception summary: org.springframework.amqp.AmqpConnectException: java.net.ConnectException: Connection refused: connect
24-10-29.19:55:57.406 [org.springframework.amqp.rabbit.RabbitListenerEndpointContainer#0-42] ERROR SimpleMessageListenerContainer - Failed to check/redeclare auto-delete queue(s).
24-10-29.19:56:00.338 [org.springframework.amqp.rabbit.RabbitListenerEndpointContainer#1-41] WARN  SimpleMessageListenerContainer - Consumer raised exception, processing can restart if the connection factory supports it. Exception summary: org.springframework.amqp.AmqpConnectException: java.net.ConnectException: Connection refused: connect
24-10-29.19:56:02.397 [org.springframework.amqp.rabbit.RabbitListenerEndpointContainer#1-42] ERROR SimpleMessageListenerContainer - Failed to check/redeclare auto-delete queue(s).
24-10-29.19:56:04.541 [org.springframework.amqp.rabbit.RabbitListenerEndpointContainer#0-42] WARN  SimpleMessageListenerContainer - Consumer raised exception, processing can restart if the connection factory supports it. Exception summary: org.springframework.amqp.AmqpConnectException: java.net.ConnectException: Connection refused: connect
24-10-29.19:56:06.593 [org.springframework.amqp.rabbit.RabbitListenerEndpointContainer#0-43] ERROR SimpleMessageListenerContainer - Failed to check/redeclare auto-delete queue(s).
24-10-29.19:56:09.536 [org.springframework.amqp.rabbit.RabbitListenerEndpointContainer#1-42] WARN  SimpleMessageListenerContainer - Consumer raised exception, processing can restart if the connection factory supports it. Exception summary: org.springframework.amqp.AmqpConnectException: java.net.ConnectException: Connection refused: connect
24-10-29.19:56:11.607 [org.springframework.amqp.rabbit.RabbitListenerEndpointContainer#1-43] ERROR SimpleMessageListenerContainer - Failed to check/redeclare auto-delete queue(s).
24-10-29.19:56:13.706 [org.springframework.amqp.rabbit.RabbitListenerEndpointContainer#0-43] WARN  SimpleMessageListenerContainer - Consumer raised exception, processing can restart if the connection factory supports it. Exception summary: org.springframework.amqp.AmqpConnectException: java.net.ConnectException: Connection refused: connect
24-10-29.19:56:15.747 [org.springframework.amqp.rabbit.RabbitListenerEndpointContainer#0-44] ERROR SimpleMessageListenerContainer - Failed to check/redeclare auto-delete queue(s).
24-10-29.19:56:18.734 [org.springframework.amqp.rabbit.RabbitListenerEndpointContainer#1-43] WARN  SimpleMessageListenerContainer - Consumer raised exception, processing can restart if the connection factory supports it. Exception summary: org.springframework.amqp.AmqpConnectException: java.net.ConnectException: Connection refused: connect
24-10-29.19:56:20.782 [org.springframework.amqp.rabbit.RabbitListenerEndpointContainer#1-44] ERROR SimpleMessageListenerContainer - Failed to check/redeclare auto-delete queue(s).
24-10-29.19:56:22.881 [org.springframework.amqp.rabbit.RabbitListenerEndpointContainer#0-44] WARN  SimpleMessageListenerContainer - Consumer raised exception, processing can restart if the connection factory supports it. Exception summary: org.springframework.amqp.AmqpConnectException: java.net.ConnectException: Connection refused: connect
24-10-29.19:56:24.953 [org.springframework.amqp.rabbit.RabbitListenerEndpointContainer#0-45] ERROR SimpleMessageListenerContainer - Failed to check/redeclare auto-delete queue(s).
24-10-29.19:56:27.906 [org.springframework.amqp.rabbit.RabbitListenerEndpointContainer#1-44] WARN  SimpleMessageListenerContainer - Consumer raised exception, processing can restart if the connection factory supports it. Exception summary: org.springframework.amqp.AmqpConnectException: java.net.ConnectException: Connection refused: connect
24-10-29.19:56:29.971 [org.springframework.amqp.rabbit.RabbitListenerEndpointContainer#1-45] ERROR SimpleMessageListenerContainer - Failed to check/redeclare auto-delete queue(s).
24-10-29.19:56:32.070 [org.springframework.amqp.rabbit.RabbitListenerEndpointContainer#0-45] WARN  SimpleMessageListenerContainer - Consumer raised exception, processing can restart if the connection factory supports it. Exception summary: org.springframework.amqp.AmqpConnectException: java.net.ConnectException: Connection refused: connect
24-10-29.19:56:34.132 [org.springframework.amqp.rabbit.RabbitListenerEndpointContainer#0-46] ERROR SimpleMessageListenerContainer - Failed to check/redeclare auto-delete queue(s).
24-10-29.19:56:37.092 [org.springframework.amqp.rabbit.RabbitListenerEndpointContainer#1-45] WARN  SimpleMessageListenerContainer - Consumer raised exception, processing can restart if the connection factory supports it. Exception summary: org.springframework.amqp.AmqpConnectException: java.net.ConnectException: Connection refused: connect
24-10-29.19:56:39.136 [org.springframework.amqp.rabbit.RabbitListenerEndpointContainer#1-46] ERROR SimpleMessageListenerContainer - Failed to check/redeclare auto-delete queue(s).
24-10-29.19:56:41.281 [org.springframework.amqp.rabbit.RabbitListenerEndpointContainer#0-46] WARN  SimpleMessageListenerContainer - Consumer raised exception, processing can restart if the connection factory supports it. Exception summary: org.springframework.amqp.AmqpConnectException: java.net.ConnectException: Connection refused: connect
24-10-29.19:56:43.326 [org.springframework.amqp.rabbit.RabbitListenerEndpointContainer#0-47] ERROR SimpleMessageListenerContainer - Failed to check/redeclare auto-delete queue(s).
24-10-29.19:56:46.286 [org.springframework.amqp.rabbit.RabbitListenerEndpointContainer#1-46] WARN  SimpleMessageListenerContainer - Consumer raised exception, processing can restart if the connection factory supports it. Exception summary: org.springframework.amqp.AmqpConnectException: java.net.ConnectException: Connection refused: connect
24-10-29.19:56:48.325 [org.springframework.amqp.rabbit.RabbitListenerEndpointContainer#1-47] ERROR SimpleMessageListenerContainer - Failed to check/redeclare auto-delete queue(s).
24-10-29.19:56:50.500 [org.springframework.amqp.rabbit.RabbitListenerEndpointContainer#0-47] WARN  SimpleMessageListenerContainer - Consumer raised exception, processing can restart if the connection factory supports it. Exception summary: org.springframework.amqp.AmqpConnectException: java.net.ConnectException: Connection refused: connect
24-10-29.19:56:52.565 [org.springframework.amqp.rabbit.RabbitListenerEndpointContainer#0-48] ERROR SimpleMessageListenerContainer - Failed to check/redeclare auto-delete queue(s).
24-10-29.19:56:55.445 [org.springframework.amqp.rabbit.RabbitListenerEndpointContainer#1-47] WARN  SimpleMessageListenerContainer - Consumer raised exception, processing can restart if the connection factory supports it. Exception summary: org.springframework.amqp.AmqpConnectException: java.net.ConnectException: Connection refused: connect
24-10-29.19:56:57.513 [org.springframework.amqp.rabbit.RabbitListenerEndpointContainer#1-48] ERROR SimpleMessageListenerContainer - Failed to check/redeclare auto-delete queue(s).
24-10-29.19:56:59.702 [org.springframework.amqp.rabbit.RabbitListenerEndpointContainer#0-48] WARN  SimpleMessageListenerContainer - Consumer raised exception, processing can restart if the connection factory supports it. Exception summary: org.springframework.amqp.AmqpConnectException: java.net.ConnectException: Connection refused: connect
24-10-29.19:57:01.746 [org.springframework.amqp.rabbit.RabbitListenerEndpointContainer#0-49] ERROR SimpleMessageListenerContainer - Failed to check/redeclare auto-delete queue(s).
24-10-29.19:57:04.643 [org.springframework.amqp.rabbit.RabbitListenerEndpointContainer#1-48] WARN  SimpleMessageListenerContainer - Consumer raised exception, processing can restart if the connection factory supports it. Exception summary: org.springframework.amqp.AmqpConnectException: java.net.ConnectException: Connection refused: connect
24-10-29.19:57:06.691 [org.springframework.amqp.rabbit.RabbitListenerEndpointContainer#1-49] ERROR SimpleMessageListenerContainer - Failed to check/redeclare auto-delete queue(s).
24-10-29.19:57:08.906 [org.springframework.amqp.rabbit.RabbitListenerEndpointContainer#0-49] WARN  SimpleMessageListenerContainer - Consumer raised exception, processing can restart if the connection factory supports it. Exception summary: org.springframework.amqp.AmqpConnectException: java.net.ConnectException: Connection refused: connect
24-10-29.19:57:10.967 [org.springframework.amqp.rabbit.RabbitListenerEndpointContainer#0-50] ERROR SimpleMessageListenerContainer - Failed to check/redeclare auto-delete queue(s).
24-10-29.19:57:13.848 [org.springframework.amqp.rabbit.RabbitListenerEndpointContainer#1-49] WARN  SimpleMessageListenerContainer - Consumer raised exception, processing can restart if the connection factory supports it. Exception summary: org.springframework.amqp.AmqpConnectException: java.net.ConnectException: Connection refused: connect
24-10-29.19:57:15.917 [org.springframework.amqp.rabbit.RabbitListenerEndpointContainer#1-50] ERROR SimpleMessageListenerContainer - Failed to check/redeclare auto-delete queue(s).
24-10-29.19:57:18.082 [org.springframework.amqp.rabbit.RabbitListenerEndpointContainer#0-50] WARN  SimpleMessageListenerContainer - Consumer raised exception, processing can restart if the connection factory supports it. Exception summary: org.springframework.amqp.AmqpConnectException: java.net.ConnectException: Connection refused: connect
24-10-29.19:57:20.158 [org.springframework.amqp.rabbit.RabbitListenerEndpointContainer#0-51] ERROR SimpleMessageListenerContainer - Failed to check/redeclare auto-delete queue(s).
24-10-29.19:57:23.044 [org.springframework.amqp.rabbit.RabbitListenerEndpointContainer#1-50] WARN  SimpleMessageListenerContainer - Consumer raised exception, processing can restart if the connection factory supports it. Exception summary: org.springframework.amqp.AmqpConnectException: java.net.ConnectException: Connection refused: connect
24-10-29.19:57:25.097 [org.springframework.amqp.rabbit.RabbitListenerEndpointContainer#1-51] ERROR SimpleMessageListenerContainer - Failed to check/redeclare auto-delete queue(s).
24-10-29.19:57:27.266 [org.springframework.amqp.rabbit.RabbitListenerEndpointContainer#0-51] WARN  SimpleMessageListenerContainer - Consumer raised exception, processing can restart if the connection factory supports it. Exception summary: org.springframework.amqp.AmqpConnectException: java.net.ConnectException: Connection refused: connect
24-10-29.19:57:29.325 [org.springframework.amqp.rabbit.RabbitListenerEndpointContainer#0-52] ERROR SimpleMessageListenerContainer - Failed to check/redeclare auto-delete queue(s).
24-10-29.19:57:32.268 [org.springframework.amqp.rabbit.RabbitListenerEndpointContainer#1-51] WARN  SimpleMessageListenerContainer - Consumer raised exception, processing can restart if the connection factory supports it. Exception summary: org.springframework.amqp.AmqpConnectException: java.net.ConnectException: Connection refused: connect
24-10-29.19:57:34.316 [org.springframework.amqp.rabbit.RabbitListenerEndpointContainer#1-52] ERROR SimpleMessageListenerContainer - Failed to check/redeclare auto-delete queue(s).
24-10-29.19:57:36.469 [org.springframework.amqp.rabbit.RabbitListenerEndpointContainer#0-52] WARN  SimpleMessageListenerContainer - Consumer raised exception, processing can restart if the connection factory supports it. Exception summary: org.springframework.amqp.AmqpConnectException: java.net.ConnectException: Connection refused: connect
24-10-29.19:57:38.536 [org.springframework.amqp.rabbit.RabbitListenerEndpointContainer#0-53] ERROR SimpleMessageListenerContainer - Failed to check/redeclare auto-delete queue(s).
24-10-29.19:57:41.449 [org.springframework.amqp.rabbit.RabbitListenerEndpointContainer#1-52] WARN  SimpleMessageListenerContainer - Consumer raised exception, processing can restart if the connection factory supports it. Exception summary: org.springframework.amqp.AmqpConnectException: java.net.ConnectException: Connection refused: connect
24-10-29.19:57:43.509 [org.springframework.amqp.rabbit.RabbitListenerEndpointContainer#1-53] ERROR SimpleMessageListenerContainer - Failed to check/redeclare auto-delete queue(s).
24-10-29.19:57:45.641 [org.springframework.amqp.rabbit.RabbitListenerEndpointContainer#0-53] WARN  SimpleMessageListenerContainer - Consumer raised exception, processing can restart if the connection factory supports it. Exception summary: org.springframework.amqp.AmqpConnectException: java.net.ConnectException: Connection refused: connect
24-10-29.19:57:47.712 [org.springframework.amqp.rabbit.RabbitListenerEndpointContainer#0-54] ERROR SimpleMessageListenerContainer - Failed to check/redeclare auto-delete queue(s).
24-10-29.19:57:50.678 [org.springframework.amqp.rabbit.RabbitListenerEndpointContainer#1-53] WARN  SimpleMessageListenerContainer - Consumer raised exception, processing can restart if the connection factory supports it. Exception summary: org.springframework.amqp.AmqpConnectException: java.net.ConnectException: Connection refused: connect
24-10-29.19:57:52.745 [org.springframework.amqp.rabbit.RabbitListenerEndpointContainer#1-54] ERROR SimpleMessageListenerContainer - Failed to check/redeclare auto-delete queue(s).
24-10-29.19:57:54.857 [org.springframework.amqp.rabbit.RabbitListenerEndpointContainer#0-54] WARN  SimpleMessageListenerContainer - Consumer raised exception, processing can restart if the connection factory supports it. Exception summary: org.springframework.amqp.AmqpConnectException: java.net.ConnectException: Connection refused: connect
24-10-29.19:57:56.914 [org.springframework.amqp.rabbit.RabbitListenerEndpointContainer#0-55] ERROR SimpleMessageListenerContainer - Failed to check/redeclare auto-delete queue(s).
24-10-29.19:57:59.896 [org.springframework.amqp.rabbit.RabbitListenerEndpointContainer#1-54] WARN  SimpleMessageListenerContainer - Consumer raised exception, processing can restart if the connection factory supports it. Exception summary: org.springframework.amqp.AmqpConnectException: java.net.ConnectException: Connection refused: connect
24-10-29.19:58:01.982 [org.springframework.amqp.rabbit.RabbitListenerEndpointContainer#1-55] ERROR SimpleMessageListenerContainer - Failed to check/redeclare auto-delete queue(s).
24-10-29.19:58:04.041 [org.springframework.amqp.rabbit.RabbitListenerEndpointContainer#0-55] WARN  SimpleMessageListenerContainer - Consumer raised exception, processing can restart if the connection factory supports it. Exception summary: org.springframework.amqp.AmqpConnectException: java.net.ConnectException: Connection refused: connect
24-10-29.19:58:06.111 [org.springframework.amqp.rabbit.RabbitListenerEndpointContainer#0-56] ERROR SimpleMessageListenerContainer - Failed to check/redeclare auto-delete queue(s).
24-10-29.19:58:09.111 [org.springframework.amqp.rabbit.RabbitListenerEndpointContainer#1-55] WARN  SimpleMessageListenerContainer - Consumer raised exception, processing can restart if the connection factory supports it. Exception summary: org.springframework.amqp.AmqpConnectException: java.net.ConnectException: Connection refused: connect
24-10-29.19:58:11.154 [org.springframework.amqp.rabbit.RabbitListenerEndpointContainer#1-56] ERROR SimpleMessageListenerContainer - Failed to check/redeclare auto-delete queue(s).
24-10-29.19:58:13.298 [org.springframework.amqp.rabbit.RabbitListenerEndpointContainer#0-56] WARN  SimpleMessageListenerContainer - Consumer raised exception, processing can restart if the connection factory supports it. Exception summary: org.springframework.amqp.AmqpConnectException: java.net.ConnectException: Connection refused: connect
24-10-29.19:58:15.346 [org.springframework.amqp.rabbit.RabbitListenerEndpointContainer#0-57] ERROR SimpleMessageListenerContainer - Failed to check/redeclare auto-delete queue(s).
24-10-29.19:58:18.276 [org.springframework.amqp.rabbit.RabbitListenerEndpointContainer#1-56] WARN  SimpleMessageListenerContainer - Consumer raised exception, processing can restart if the connection factory supports it. Exception summary: org.springframework.amqp.AmqpConnectException: java.net.ConnectException: Connection refused: connect
24-10-29.19:58:20.329 [org.springframework.amqp.rabbit.RabbitListenerEndpointContainer#1-57] ERROR SimpleMessageListenerContainer - Failed to check/redeclare auto-delete queue(s).
24-10-29.19:58:22.506 [org.springframework.amqp.rabbit.RabbitListenerEndpointContainer#0-57] WARN  SimpleMessageListenerContainer - Consumer raised exception, processing can restart if the connection factory supports it. Exception summary: org.springframework.amqp.AmqpConnectException: java.net.ConnectException: Connection refused: connect
24-10-29.19:58:24.579 [org.springframework.amqp.rabbit.RabbitListenerEndpointContainer#0-58] ERROR SimpleMessageListenerContainer - Failed to check/redeclare auto-delete queue(s).
24-10-29.19:58:27.464 [org.springframework.amqp.rabbit.RabbitListenerEndpointContainer#1-57] WARN  SimpleMessageListenerContainer - Consumer raised exception, processing can restart if the connection factory supports it. Exception summary: org.springframework.amqp.AmqpConnectException: java.net.ConnectException: Connection refused: connect
24-10-29.19:58:29.510 [org.springframework.amqp.rabbit.RabbitListenerEndpointContainer#1-58] ERROR SimpleMessageListenerContainer - Failed to check/redeclare auto-delete queue(s).
24-10-29.19:58:31.752 [org.springframework.amqp.rabbit.RabbitListenerEndpointContainer#0-58] WARN  SimpleMessageListenerContainer - Consumer raised exception, processing can restart if the connection factory supports it. Exception summary: org.springframework.amqp.AmqpConnectException: java.net.ConnectException: Connection refused: connect
24-10-29.19:58:33.804 [org.springframework.amqp.rabbit.RabbitListenerEndpointContainer#0-59] ERROR SimpleMessageListenerContainer - Failed to check/redeclare auto-delete queue(s).
24-10-29.19:58:36.639 [org.springframework.amqp.rabbit.RabbitListenerEndpointContainer#1-58] WARN  SimpleMessageListenerContainer - Consumer raised exception, processing can restart if the connection factory supports it. Exception summary: org.springframework.amqp.AmqpConnectException: java.net.ConnectException: Connection refused: connect
24-10-29.19:58:38.714 [org.springframework.amqp.rabbit.RabbitListenerEndpointContainer#1-59] ERROR SimpleMessageListenerContainer - Failed to check/redeclare auto-delete queue(s).
24-10-29.19:58:40.966 [org.springframework.amqp.rabbit.RabbitListenerEndpointContainer#0-59] WARN  SimpleMessageListenerContainer - Consumer raised exception, processing can restart if the connection factory supports it. Exception summary: org.springframework.amqp.AmqpConnectException: java.net.ConnectException: Connection refused: connect
24-10-29.19:58:43.008 [org.springframework.amqp.rabbit.RabbitListenerEndpointContainer#0-60] ERROR SimpleMessageListenerContainer - Failed to check/redeclare auto-delete queue(s).
24-10-29.19:58:45.870 [org.springframework.amqp.rabbit.RabbitListenerEndpointContainer#1-59] WARN  SimpleMessageListenerContainer - Consumer raised exception, processing can restart if the connection factory supports it. Exception summary: org.springframework.amqp.AmqpConnectException: java.net.ConnectException: Connection refused: connect
24-10-29.19:58:47.930 [org.springframework.amqp.rabbit.RabbitListenerEndpointContainer#1-60] ERROR SimpleMessageListenerContainer - Failed to check/redeclare auto-delete queue(s).
24-10-29.19:58:50.171 [org.springframework.amqp.rabbit.RabbitListenerEndpointContainer#0-60] WARN  SimpleMessageListenerContainer - Consumer raised exception, processing can restart if the connection factory supports it. Exception summary: org.springframework.amqp.AmqpConnectException: java.net.ConnectException: Connection refused: connect
24-10-29.19:58:52.237 [org.springframework.amqp.rabbit.RabbitListenerEndpointContainer#0-61] ERROR SimpleMessageListenerContainer - Failed to check/redeclare auto-delete queue(s).
24-10-29.19:58:55.037 [org.springframework.amqp.rabbit.RabbitListenerEndpointContainer#1-60] WARN  SimpleMessageListenerContainer - Consumer raised exception, processing can restart if the connection factory supports it. Exception summary: org.springframework.amqp.AmqpConnectException: java.net.ConnectException: Connection refused: connect
24-10-29.19:58:57.087 [org.springframework.amqp.rabbit.RabbitListenerEndpointContainer#1-61] ERROR SimpleMessageListenerContainer - Failed to check/redeclare auto-delete queue(s).
24-10-29.19:58:59.368 [org.springframework.amqp.rabbit.RabbitListenerEndpointContainer#0-61] WARN  SimpleMessageListenerContainer - Consumer raised exception, processing can restart if the connection factory supports it. Exception summary: org.springframework.amqp.AmqpConnectException: java.net.ConnectException: Connection refused: connect
24-10-29.19:59:01.443 [org.springframework.amqp.rabbit.RabbitListenerEndpointContainer#0-62] ERROR SimpleMessageListenerContainer - Failed to check/redeclare auto-delete queue(s).
24-10-29.19:59:04.244 [org.springframework.amqp.rabbit.RabbitListenerEndpointContainer#1-61] WARN  SimpleMessageListenerContainer - Consumer raised exception, processing can restart if the connection factory supports it. Exception summary: org.springframework.amqp.AmqpConnectException: java.net.ConnectException: Connection refused: connect
24-10-29.19:59:06.298 [org.springframework.amqp.rabbit.RabbitListenerEndpointContainer#1-62] ERROR SimpleMessageListenerContainer - Failed to check/redeclare auto-delete queue(s).
24-10-29.19:59:08.586 [org.springframework.amqp.rabbit.RabbitListenerEndpointContainer#0-62] WARN  SimpleMessageListenerContainer - Consumer raised exception, processing can restart if the connection factory supports it. Exception summary: org.springframework.amqp.AmqpConnectException: java.net.ConnectException: Connection refused: connect
24-10-29.19:59:10.643 [org.springframework.amqp.rabbit.RabbitListenerEndpointContainer#0-63] ERROR SimpleMessageListenerContainer - Failed to check/redeclare auto-delete queue(s).
24-10-29.19:59:13.428 [org.springframework.amqp.rabbit.RabbitListenerEndpointContainer#1-62] WARN  SimpleMessageListenerContainer - Consumer raised exception, processing can restart if the connection factory supports it. Exception summary: org.springframework.amqp.AmqpConnectException: java.net.ConnectException: Connection refused: connect
24-10-29.19:59:15.464 [org.springframework.amqp.rabbit.RabbitListenerEndpointContainer#1-63] ERROR SimpleMessageListenerContainer - Failed to check/redeclare auto-delete queue(s).
24-10-29.19:59:17.798 [org.springframework.amqp.rabbit.RabbitListenerEndpointContainer#0-63] WARN  SimpleMessageListenerContainer - Consumer raised exception, processing can restart if the connection factory supports it. Exception summary: org.springframework.amqp.AmqpConnectException: java.net.ConnectException: Connection refused: connect
24-10-29.19:59:19.867 [org.springframework.amqp.rabbit.RabbitListenerEndpointContainer#0-64] ERROR SimpleMessageListenerContainer - Failed to check/redeclare auto-delete queue(s).
24-10-29.19:59:22.619 [org.springframework.amqp.rabbit.RabbitListenerEndpointContainer#1-63] WARN  SimpleMessageListenerContainer - Consumer raised exception, processing can restart if the connection factory supports it. Exception summary: org.springframework.amqp.AmqpConnectException: java.net.ConnectException: Connection refused: connect
24-10-29.19:59:24.677 [org.springframework.amqp.rabbit.RabbitListenerEndpointContainer#1-64] ERROR SimpleMessageListenerContainer - Failed to check/redeclare auto-delete queue(s).
24-10-29.19:59:27.000 [org.springframework.amqp.rabbit.RabbitListenerEndpointContainer#0-64] WARN  SimpleMessageListenerContainer - Consumer raised exception, processing can restart if the connection factory supports it. Exception summary: org.springframework.amqp.AmqpConnectException: java.net.ConnectException: Connection refused: connect
24-10-29.19:59:29.054 [org.springframework.amqp.rabbit.RabbitListenerEndpointContainer#0-65] ERROR SimpleMessageListenerContainer - Failed to check/redeclare auto-delete queue(s).
24-10-29.19:59:31.823 [org.springframework.amqp.rabbit.RabbitListenerEndpointContainer#1-64] WARN  SimpleMessageListenerContainer - Consumer raised exception, processing can restart if the connection factory supports it. Exception summary: org.springframework.amqp.AmqpConnectException: java.net.ConnectException: Connection refused: connect
24-10-29.19:59:33.881 [org.springframework.amqp.rabbit.RabbitListenerEndpointContainer#1-65] ERROR SimpleMessageListenerContainer - Failed to check/redeclare auto-delete queue(s).
24-10-29.19:59:36.210 [org.springframework.amqp.rabbit.RabbitListenerEndpointContainer#0-65] WARN  SimpleMessageListenerContainer - Consumer raised exception, processing can restart if the connection factory supports it. Exception summary: org.springframework.amqp.AmqpConnectException: java.net.ConnectException: Connection refused: connect
24-10-29.19:59:38.269 [org.springframework.amqp.rabbit.RabbitListenerEndpointContainer#0-66] ERROR SimpleMessageListenerContainer - Failed to check/redeclare auto-delete queue(s).
24-10-29.19:59:41.002 [org.springframework.amqp.rabbit.RabbitListenerEndpointContainer#1-65] WARN  SimpleMessageListenerContainer - Consumer raised exception, processing can restart if the connection factory supports it. Exception summary: org.springframework.amqp.AmqpConnectException: java.net.ConnectException: Connection refused: connect
24-10-29.19:59:43.075 [org.springframework.amqp.rabbit.RabbitListenerEndpointContainer#1-66] ERROR SimpleMessageListenerContainer - Failed to check/redeclare auto-delete queue(s).
24-10-29.19:59:45.382 [org.springframework.amqp.rabbit.RabbitListenerEndpointContainer#0-66] WARN  SimpleMessageListenerContainer - Consumer raised exception, processing can restart if the connection factory supports it. Exception summary: org.springframework.amqp.AmqpConnectException: java.net.ConnectException: Connection refused: connect
24-10-29.19:59:47.451 [org.springframework.amqp.rabbit.RabbitListenerEndpointContainer#0-67] ERROR SimpleMessageListenerContainer - Failed to check/redeclare auto-delete queue(s).
24-10-29.19:59:50.225 [org.springframework.amqp.rabbit.RabbitListenerEndpointContainer#1-66] WARN  SimpleMessageListenerContainer - Consumer raised exception, processing can restart if the connection factory supports it. Exception summary: org.springframework.amqp.AmqpConnectException: java.net.ConnectException: Connection refused: connect
24-10-29.19:59:52.293 [org.springframework.amqp.rabbit.RabbitListenerEndpointContainer#1-67] ERROR SimpleMessageListenerContainer - Failed to check/redeclare auto-delete queue(s).
24-10-29.19:59:54.587 [org.springframework.amqp.rabbit.RabbitListenerEndpointContainer#0-67] WARN  SimpleMessageListenerContainer - Consumer raised exception, processing can restart if the connection factory supports it. Exception summary: org.springframework.amqp.AmqpConnectException: java.net.ConnectException: Connection refused: connect
24-10-29.19:59:56.654 [org.springframework.amqp.rabbit.RabbitListenerEndpointContainer#0-68] ERROR SimpleMessageListenerContainer - Failed to check/redeclare auto-delete queue(s).
24-10-29.19:59:59.408 [org.springframework.amqp.rabbit.RabbitListenerEndpointContainer#1-67] WARN  SimpleMessageListenerContainer - Consumer raised exception, processing can restart if the connection factory supports it. Exception summary: org.springframework.amqp.AmqpConnectException: java.net.ConnectException: Connection refused: connect
24-10-29.20:00:01.453 [org.springframework.amqp.rabbit.RabbitListenerEndpointContainer#1-68] ERROR SimpleMessageListenerContainer - Failed to check/redeclare auto-delete queue(s).
24-10-29.20:00:03.817 [org.springframework.amqp.rabbit.RabbitListenerEndpointContainer#0-68] WARN  SimpleMessageListenerContainer - Consumer raised exception, processing can restart if the connection factory supports it. Exception summary: org.springframework.amqp.AmqpConnectException: java.net.ConnectException: Connection refused: connect
24-10-29.20:00:05.867 [org.springframework.amqp.rabbit.RabbitListenerEndpointContainer#0-69] ERROR SimpleMessageListenerContainer - Failed to check/redeclare auto-delete queue(s).
24-10-29.20:00:08.583 [org.springframework.amqp.rabbit.RabbitListenerEndpointContainer#1-68] WARN  SimpleMessageListenerContainer - Consumer raised exception, processing can restart if the connection factory supports it. Exception summary: org.springframework.amqp.AmqpConnectException: java.net.ConnectException: Connection refused: connect
24-10-29.20:00:10.632 [org.springframework.amqp.rabbit.RabbitListenerEndpointContainer#1-69] ERROR SimpleMessageListenerContainer - Failed to check/redeclare auto-delete queue(s).
24-10-29.20:00:13.017 [org.springframework.amqp.rabbit.RabbitListenerEndpointContainer#0-69] WARN  SimpleMessageListenerContainer - Consumer raised exception, processing can restart if the connection factory supports it. Exception summary: org.springframework.amqp.AmqpConnectException: java.net.ConnectException: Connection refused: connect
24-10-29.20:00:15.086 [org.springframework.amqp.rabbit.RabbitListenerEndpointContainer#0-70] ERROR SimpleMessageListenerContainer - Failed to check/redeclare auto-delete queue(s).
24-10-29.20:00:17.763 [org.springframework.amqp.rabbit.RabbitListenerEndpointContainer#1-69] WARN  SimpleMessageListenerContainer - Consumer raised exception, processing can restart if the connection factory supports it. Exception summary: org.springframework.amqp.AmqpConnectException: java.net.ConnectException: Connection refused: connect
24-10-29.20:00:19.831 [org.springframework.amqp.rabbit.RabbitListenerEndpointContainer#1-70] ERROR SimpleMessageListenerContainer - Failed to check/redeclare auto-delete queue(s).
24-10-29.20:00:22.214 [org.springframework.amqp.rabbit.RabbitListenerEndpointContainer#0-70] WARN  SimpleMessageListenerContainer - Consumer raised exception, processing can restart if the connection factory supports it. Exception summary: org.springframework.amqp.AmqpConnectException: java.net.ConnectException: Connection refused: connect
24-10-29.20:00:24.281 [org.springframework.amqp.rabbit.RabbitListenerEndpointContainer#0-71] ERROR SimpleMessageListenerContainer - Failed to check/redeclare auto-delete queue(s).
24-10-29.20:00:26.950 [org.springframework.amqp.rabbit.RabbitListenerEndpointContainer#1-70] WARN  SimpleMessageListenerContainer - Consumer raised exception, processing can restart if the connection factory supports it. Exception summary: org.springframework.amqp.AmqpConnectException: java.net.ConnectException: Connection refused: connect
24-10-29.20:00:29.010 [org.springframework.amqp.rabbit.RabbitListenerEndpointContainer#1-71] ERROR SimpleMessageListenerContainer - Failed to check/redeclare auto-delete queue(s).
24-10-29.20:00:31.400 [org.springframework.amqp.rabbit.RabbitListenerEndpointContainer#0-71] WARN  SimpleMessageListenerContainer - Consumer raised exception, processing can restart if the connection factory supports it. Exception summary: org.springframework.amqp.AmqpConnectException: java.net.ConnectException: Connection refused: connect
24-10-29.20:00:33.440 [org.springframework.amqp.rabbit.RabbitListenerEndpointContainer#0-72] ERROR SimpleMessageListenerContainer - Failed to check/redeclare auto-delete queue(s).
24-10-29.20:00:36.134 [org.springframework.amqp.rabbit.RabbitListenerEndpointContainer#1-71] WARN  SimpleMessageListenerContainer - Consumer raised exception, processing can restart if the connection factory supports it. Exception summary: org.springframework.amqp.AmqpConnectException: java.net.ConnectException: Connection refused: connect
24-10-29.20:00:38.185 [org.springframework.amqp.rabbit.RabbitListenerEndpointContainer#1-72] ERROR SimpleMessageListenerContainer - Failed to check/redeclare auto-delete queue(s).
24-10-29.20:00:40.568 [org.springframework.amqp.rabbit.RabbitListenerEndpointContainer#0-72] WARN  SimpleMessageListenerContainer - Consumer raised exception, processing can restart if the connection factory supports it. Exception summary: org.springframework.amqp.AmqpConnectException: java.net.ConnectException: Connection refused: connect
24-10-29.20:00:42.625 [org.springframework.amqp.rabbit.RabbitListenerEndpointContainer#0-73] ERROR SimpleMessageListenerContainer - Failed to check/redeclare auto-delete queue(s).
24-10-29.20:00:45.345 [org.springframework.amqp.rabbit.RabbitListenerEndpointContainer#1-72] WARN  SimpleMessageListenerContainer - Consumer raised exception, processing can restart if the connection factory supports it. Exception summary: org.springframework.amqp.AmqpConnectException: java.net.ConnectException: Connection refused: connect
24-10-29.20:00:47.414 [org.springframework.amqp.rabbit.RabbitListenerEndpointContainer#1-73] ERROR SimpleMessageListenerContainer - Failed to check/redeclare auto-delete queue(s).
24-10-29.20:00:49.760 [org.springframework.amqp.rabbit.RabbitListenerEndpointContainer#0-73] WARN  SimpleMessageListenerContainer - Consumer raised exception, processing can restart if the connection factory supports it. Exception summary: org.springframework.amqp.AmqpConnectException: java.net.ConnectException: Connection refused: connect
24-10-29.20:00:51.834 [org.springframework.amqp.rabbit.RabbitListenerEndpointContainer#0-74] ERROR SimpleMessageListenerContainer - Failed to check/redeclare auto-delete queue(s).
24-10-29.20:00:54.539 [org.springframework.amqp.rabbit.RabbitListenerEndpointContainer#1-73] WARN  SimpleMessageListenerContainer - Consumer raised exception, processing can restart if the connection factory supports it. Exception summary: org.springframework.amqp.AmqpConnectException: java.net.ConnectException: Connection refused: connect
24-10-29.20:00:56.599 [org.springframework.amqp.rabbit.RabbitListenerEndpointContainer#1-74] ERROR SimpleMessageListenerContainer - Failed to check/redeclare auto-delete queue(s).
24-10-29.20:00:58.969 [org.springframework.amqp.rabbit.RabbitListenerEndpointContainer#0-74] WARN  SimpleMessageListenerContainer - Consumer raised exception, processing can restart if the connection factory supports it. Exception summary: org.springframework.amqp.AmqpConnectException: java.net.ConnectException: Connection refused: connect
24-10-29.20:01:01.044 [org.springframework.amqp.rabbit.RabbitListenerEndpointContainer#0-75] ERROR SimpleMessageListenerContainer - Failed to check/redeclare auto-delete queue(s).
24-10-29.20:01:03.743 [org.springframework.amqp.rabbit.RabbitListenerEndpointContainer#1-74] WARN  SimpleMessageListenerContainer - Consumer raised exception, processing can restart if the connection factory supports it. Exception summary: org.springframework.amqp.AmqpConnectException: java.net.ConnectException: Connection refused: connect
24-10-29.20:01:05.809 [org.springframework.amqp.rabbit.RabbitListenerEndpointContainer#1-75] ERROR SimpleMessageListenerContainer - Failed to check/redeclare auto-delete queue(s).
24-10-29.20:01:08.175 [org.springframework.amqp.rabbit.RabbitListenerEndpointContainer#0-75] WARN  SimpleMessageListenerContainer - Consumer raised exception, processing can restart if the connection factory supports it. Exception summary: org.springframework.amqp.AmqpConnectException: java.net.ConnectException: Connection refused: connect
24-10-29.20:01:10.249 [org.springframework.amqp.rabbit.RabbitListenerEndpointContainer#0-76] ERROR SimpleMessageListenerContainer - Failed to check/redeclare auto-delete queue(s).
24-10-29.20:01:12.972 [org.springframework.amqp.rabbit.RabbitListenerEndpointContainer#1-75] WARN  SimpleMessageListenerContainer - Consumer raised exception, processing can restart if the connection factory supports it. Exception summary: org.springframework.amqp.AmqpConnectException: java.net.ConnectException: Connection refused: connect
24-10-29.20:01:15.019 [org.springframework.amqp.rabbit.RabbitListenerEndpointContainer#1-76] ERROR SimpleMessageListenerContainer - Failed to check/redeclare auto-delete queue(s).
24-10-29.20:01:17.393 [org.springframework.amqp.rabbit.RabbitListenerEndpointContainer#0-76] WARN  SimpleMessageListenerContainer - Consumer raised exception, processing can restart if the connection factory supports it. Exception summary: org.springframework.amqp.AmqpConnectException: java.net.ConnectException: Connection refused: connect
24-10-29.20:01:19.455 [org.springframework.amqp.rabbit.RabbitListenerEndpointContainer#0-77] ERROR SimpleMessageListenerContainer - Failed to check/redeclare auto-delete queue(s).
24-10-29.20:01:22.153 [org.springframework.amqp.rabbit.RabbitListenerEndpointContainer#1-76] WARN  SimpleMessageListenerContainer - Consumer raised exception, processing can restart if the connection factory supports it. Exception summary: org.springframework.amqp.AmqpConnectException: java.net.ConnectException: Connection refused: connect
24-10-29.20:01:24.202 [org.springframework.amqp.rabbit.RabbitListenerEndpointContainer#1-77] ERROR SimpleMessageListenerContainer - Failed to check/redeclare auto-delete queue(s).
24-10-29.20:01:26.566 [org.springframework.amqp.rabbit.RabbitListenerEndpointContainer#0-77] WARN  SimpleMessageListenerContainer - Consumer raised exception, processing can restart if the connection factory supports it. Exception summary: org.springframework.amqp.AmqpConnectException: java.net.ConnectException: Connection refused: connect
24-10-29.20:01:28.636 [org.springframework.amqp.rabbit.RabbitListenerEndpointContainer#0-78] ERROR SimpleMessageListenerContainer - Failed to check/redeclare auto-delete queue(s).
24-10-29.20:01:31.323 [org.springframework.amqp.rabbit.RabbitListenerEndpointContainer#1-77] WARN  SimpleMessageListenerContainer - Consumer raised exception, processing can restart if the connection factory supports it. Exception summary: org.springframework.amqp.AmqpConnectException: java.net.ConnectException: Connection refused: connect
24-10-29.20:01:34.392 [org.springframework.amqp.rabbit.RabbitListenerEndpointContainer#1-78] ERROR SimpleMessageListenerContainer - Failed to check/redeclare auto-delete queue(s).
24-10-29.20:01:35.806 [org.springframework.amqp.rabbit.RabbitListenerEndpointContainer#0-78] WARN  SimpleMessageListenerContainer - Consumer raised exception, processing can restart if the connection factory supports it. Exception summary: org.springframework.amqp.AmqpConnectException: java.net.ConnectException: Connection refused: connect
24-10-29.20:01:38.510 [org.springframework.amqp.rabbit.RabbitListenerEndpointContainer#0-79] ERROR SimpleMessageListenerContainer - Failed to check/redeclare auto-delete queue(s).
24-10-29.20:01:41.564 [org.springframework.amqp.rabbit.RabbitListenerEndpointContainer#1-78] WARN  SimpleMessageListenerContainer - Consumer raised exception, processing can restart if the connection factory supports it. Exception summary: org.springframework.amqp.AmqpConnectException: java.net.ConnectException: Connection refused: connect
24-10-29.20:01:43.598 [org.springframework.amqp.rabbit.RabbitListenerEndpointContainer#1-79] ERROR SimpleMessageListenerContainer - Failed to check/redeclare auto-delete queue(s).
24-10-29.20:01:45.680 [org.springframework.amqp.rabbit.RabbitListenerEndpointContainer#0-79] WARN  SimpleMessageListenerContainer - Consumer raised exception, processing can restart if the connection factory supports it. Exception summary: org.springframework.amqp.AmqpConnectException: java.net.ConnectException: Connection refused: connect
24-10-29.20:01:47.761 [org.springframework.amqp.rabbit.RabbitListenerEndpointContainer#0-80] ERROR SimpleMessageListenerContainer - Failed to check/redeclare auto-delete queue(s).
24-10-29.20:01:50.715 [org.springframework.amqp.rabbit.RabbitListenerEndpointContainer#1-79] WARN  SimpleMessageListenerContainer - Consumer raised exception, processing can restart if the connection factory supports it. Exception summary: org.springframework.amqp.AmqpConnectException: java.net.ConnectException: Connection refused: connect
24-10-29.20:01:52.772 [org.springframework.amqp.rabbit.RabbitListenerEndpointContainer#1-80] ERROR SimpleMessageListenerContainer - Failed to check/redeclare auto-delete queue(s).
24-10-29.20:01:54.872 [org.springframework.amqp.rabbit.RabbitListenerEndpointContainer#0-80] WARN  SimpleMessageListenerContainer - Consumer raised exception, processing can restart if the connection factory supports it. Exception summary: org.springframework.amqp.AmqpConnectException: java.net.ConnectException: Connection refused: connect
24-10-29.20:01:56.934 [org.springframework.amqp.rabbit.RabbitListenerEndpointContainer#0-81] ERROR SimpleMessageListenerContainer - Failed to check/redeclare auto-delete queue(s).
24-10-29.20:01:59.968 [org.springframework.amqp.rabbit.RabbitListenerEndpointContainer#1-80] WARN  SimpleMessageListenerContainer - Consumer raised exception, processing can restart if the connection factory supports it. Exception summary: org.springframework.amqp.AmqpConnectException: java.net.ConnectException: Connection refused: connect
24-10-29.20:02:02.036 [org.springframework.amqp.rabbit.RabbitListenerEndpointContainer#1-81] ERROR SimpleMessageListenerContainer - Failed to check/redeclare auto-delete queue(s).
24-10-29.20:02:04.072 [org.springframework.amqp.rabbit.RabbitListenerEndpointContainer#0-81] WARN  SimpleMessageListenerContainer - Consumer raised exception, processing can restart if the connection factory supports it. Exception summary: org.springframework.amqp.AmqpConnectException: java.net.ConnectException: Connection refused: connect
24-10-29.20:02:06.128 [org.springframework.amqp.rabbit.RabbitListenerEndpointContainer#0-82] ERROR SimpleMessageListenerContainer - Failed to check/redeclare auto-delete queue(s).
24-10-29.20:02:09.168 [org.springframework.amqp.rabbit.RabbitListenerEndpointContainer#1-81] WARN  SimpleMessageListenerContainer - Consumer raised exception, processing can restart if the connection factory supports it. Exception summary: org.springframework.amqp.AmqpConnectException: java.net.ConnectException: Connection refused: connect
24-10-29.20:02:13.276 [org.springframework.amqp.rabbit.RabbitListenerEndpointContainer#0-82] WARN  SimpleMessageListenerContainer - Consumer raised exception, processing can restart if the connection factory supports it. Exception summary: org.springframework.amqp.AmqpConnectException: java.net.ConnectException: Connection refused: connect
