24-09-28.13:21:37.992 [main            ] INFO  Application            - Starting Application using Java 1.8.0_321 on 我不吃茄子西红柿 with PID 32372 (E:\code\java\idea\project\big-market-app\target\classes started by 14783 in E:\code\java\idea\project)
24-09-28.13:21:37.994 [main            ] INFO  Application            - The following 1 profile is active: "dev"
24-09-28.13:21:38.644 [main            ] INFO  RepositoryConfigurationDelegate - Multiple Spring Data modules found, entering strict repository configuration mode
24-09-28.13:21:38.645 [main            ] INFO  RepositoryConfigurationDelegate - Bootstrapping Spring Data Redis repositories in DEFAULT mode.
24-09-28.13:21:38.673 [main            ] INFO  RepositoryConfigurationDelegate - Finished Spring Data repository scanning in 10 ms. Found 0 Redis repository interfaces.
24-09-28.13:21:39.094 [main            ] INFO  TomcatWebServer        - Tomcat initialized with port(s): 8091 (http)
24-09-28.13:21:39.101 [main            ] INFO  Http11NioProtocol      - Initializing ProtocolHandler ["http-nio-8091"]
24-09-28.13:21:39.101 [main            ] INFO  StandardService        - Starting service [Tomcat]
24-09-28.13:21:39.101 [main            ] INFO  StandardEngine         - Starting Servlet engine: [Apache Tomcat/9.0.75]
24-09-28.13:21:39.253 [main            ] INFO  [/]                    - Initializing Spring embedded WebApplicationContext
24-09-28.13:21:39.253 [main            ] INFO  ServletWebServerApplicationContext - Root WebApplicationContext: initialization completed in 1225 ms
24-09-28.13:21:39.440 [main            ] WARN  AnnotationConfigServletWebServerApplicationContext - Exception encountered during context initialization - cancelling refresh attempt: org.springframework.beans.factory.BeanCreationException: Error creating bean with name 'application': Injection of resource dependencies failed; nested exception is org.springframework.beans.factory.NoUniqueBeanDefinitionException: No qualifying bean of type 'cn.wenzhuo4657.BigMarket.domain.strategy.service.armory.IStrategyArmory' available: expected single matching bean but found 2: strategyArmoryDispatch,IStrategyArmory
24-09-28.13:21:39.443 [main            ] INFO  StandardService        - Stopping service [Tomcat]
24-09-28.13:21:39.454 [main            ] INFO  ConditionEvaluationReportLoggingListener - 

Error starting ApplicationContext. To display the conditions report re-run your application with 'debug' enabled.
24-09-28.13:21:39.474 [main            ] ERROR SpringApplication      - Application run failed
org.springframework.beans.factory.BeanCreationException: Error creating bean with name 'application': Injection of resource dependencies failed; nested exception is org.springframework.beans.factory.NoUniqueBeanDefinitionException: No qualifying bean of type 'cn.wenzhuo4657.BigMarket.domain.strategy.service.armory.IStrategyArmory' available: expected single matching bean but found 2: strategyArmoryDispatch,IStrategyArmory
	at org.springframework.context.annotation.CommonAnnotationBeanPostProcessor.postProcessProperties(CommonAnnotationBeanPostProcessor.java:332)
	at org.springframework.beans.factory.support.AbstractAutowireCapableBeanFactory.populateBean(AbstractAutowireCapableBeanFactory.java:1431)
	at org.springframework.beans.factory.support.AbstractAutowireCapableBeanFactory.doCreateBean(AbstractAutowireCapableBeanFactory.java:619)
	at org.springframework.beans.factory.support.AbstractAutowireCapableBeanFactory.createBean(AbstractAutowireCapableBeanFactory.java:542)
	at org.springframework.beans.factory.support.AbstractBeanFactory.lambda$doGetBean$0(AbstractBeanFactory.java:335)
	at org.springframework.beans.factory.support.DefaultSingletonBeanRegistry.getSingleton(DefaultSingletonBeanRegistry.java:234)
	at org.springframework.beans.factory.support.AbstractBeanFactory.doGetBean(AbstractBeanFactory.java:333)
	at org.springframework.beans.factory.support.AbstractBeanFactory.getBean(AbstractBeanFactory.java:208)
	at org.springframework.beans.factory.support.DefaultListableBeanFactory.preInstantiateSingletons(DefaultListableBeanFactory.java:955)
	at org.springframework.context.support.AbstractApplicationContext.finishBeanFactoryInitialization(AbstractApplicationContext.java:920)
	at org.springframework.context.support.AbstractApplicationContext.refresh(AbstractApplicationContext.java:583)
	at org.springframework.boot.web.servlet.context.ServletWebServerApplicationContext.refresh(ServletWebServerApplicationContext.java:147)
	at org.springframework.boot.SpringApplication.refresh(SpringApplication.java:731)
	at org.springframework.boot.SpringApplication.refreshContext(SpringApplication.java:408)
	at org.springframework.boot.SpringApplication.run(SpringApplication.java:307)
	at org.springframework.boot.SpringApplication.run(SpringApplication.java:1303)
	at org.springframework.boot.SpringApplication.run(SpringApplication.java:1292)
	at cn.wenzhuo4657.BigMarket.Application.main(Application.java:28)
Caused by: org.springframework.beans.factory.NoUniqueBeanDefinitionException: No qualifying bean of type 'cn.wenzhuo4657.BigMarket.domain.strategy.service.armory.IStrategyArmory' available: expected single matching bean but found 2: strategyArmoryDispatch,IStrategyArmory
	at org.springframework.beans.factory.config.DependencyDescriptor.resolveNotUnique(DependencyDescriptor.java:220)
	at org.springframework.beans.factory.support.DefaultListableBeanFactory.doResolveDependency(DefaultListableBeanFactory.java:1369)
	at org.springframework.beans.factory.support.DefaultListableBeanFactory.resolveDependency(DefaultListableBeanFactory.java:1311)
	at org.springframework.context.annotation.CommonAnnotationBeanPostProcessor.autowireResource(CommonAnnotationBeanPostProcessor.java:544)
	at org.springframework.context.annotation.CommonAnnotationBeanPostProcessor.getResource(CommonAnnotationBeanPostProcessor.java:520)
	at org.springframework.context.annotation.CommonAnnotationBeanPostProcessor$ResourceElement.getResourceToInject(CommonAnnotationBeanPostProcessor.java:673)
	at org.springframework.beans.factory.annotation.InjectionMetadata$InjectedElement.inject(InjectionMetadata.java:228)
	at org.springframework.beans.factory.annotation.InjectionMetadata.inject(InjectionMetadata.java:119)
	at org.springframework.context.annotation.CommonAnnotationBeanPostProcessor.postProcessProperties(CommonAnnotationBeanPostProcessor.java:329)
	... 17 common frames omitted
24-09-28.13:23:17.356 [main            ] INFO  Application            - Starting Application using Java 1.8.0_321 on 我不吃茄子西红柿 with PID 9764 (E:\code\java\idea\project\big-market-app\target\classes started by 14783 in E:\code\java\idea\project)
24-09-28.13:23:17.360 [main            ] INFO  Application            - The following 1 profile is active: "dev"
24-09-28.13:23:18.152 [main            ] INFO  RepositoryConfigurationDelegate - Multiple Spring Data modules found, entering strict repository configuration mode
24-09-28.13:23:18.155 [main            ] INFO  RepositoryConfigurationDelegate - Bootstrapping Spring Data Redis repositories in DEFAULT mode.
24-09-28.13:23:18.192 [main            ] INFO  RepositoryConfigurationDelegate - Finished Spring Data repository scanning in 14 ms. Found 0 Redis repository interfaces.
24-09-28.13:23:18.610 [main            ] INFO  TomcatWebServer        - Tomcat initialized with port(s): 8091 (http)
24-09-28.13:23:18.615 [main            ] INFO  Http11NioProtocol      - Initializing ProtocolHandler ["http-nio-8091"]
24-09-28.13:23:18.615 [main            ] INFO  StandardService        - Starting service [Tomcat]
24-09-28.13:23:18.615 [main            ] INFO  StandardEngine         - Starting Servlet engine: [Apache Tomcat/9.0.75]
24-09-28.13:23:18.730 [main            ] INFO  [/]                    - Initializing Spring embedded WebApplicationContext
24-09-28.13:23:18.730 [main            ] INFO  ServletWebServerApplicationContext - Root WebApplicationContext: initialization completed in 1339 ms
24-09-28.13:23:18.886 [main            ] WARN  AnnotationConfigServletWebServerApplicationContext - Exception encountered during context initialization - cancelling refresh attempt: org.springframework.beans.factory.UnsatisfiedDependencyException: Error creating bean with name 'application': Unsatisfied dependency expressed through field 'strategyArmory'; nested exception is org.springframework.beans.factory.NoUniqueBeanDefinitionException: No qualifying bean of type 'cn.wenzhuo4657.BigMarket.domain.strategy.service.armory.IStrategyArmory' available: expected single matching bean but found 2: strategyArmoryDispatch,IStrategyArmory
24-09-28.13:23:18.887 [main            ] INFO  StandardService        - Stopping service [Tomcat]
24-09-28.13:23:18.898 [main            ] INFO  ConditionEvaluationReportLoggingListener - 

Error starting ApplicationContext. To display the conditions report re-run your application with 'debug' enabled.
24-09-28.13:23:18.910 [main            ] ERROR LoggingFailureAnalysisReporter - 

***************************
APPLICATION FAILED TO START
***************************

Description:

Field strategyArmory in cn.wenzhuo4657.BigMarket.Application required a single bean, but 2 were found:
	- strategyArmoryDispatch: defined in file [E:\code\java\idea\project\big-market-domain\target\classes\cn\wenzhuo4657\BigMarket\domain\strategy\service\armory\StrategyArmoryDispatch.class]
	- IStrategyArmory: defined in file [E:\code\java\idea\project\big-market-domain\target\classes\cn\wenzhuo4657\BigMarket\domain\strategy\service\armory\IStrategyArmory.class]


Action:

Consider marking one of the beans as @Primary, updating the consumer to accept multiple beans, or using @Qualifier to identify the bean that should be consumed

24-09-28.13:33:00.564 [main            ] INFO  Application            - Starting Application using Java 1.8.0_321 on 我不吃茄子西红柿 with PID 4260 (E:\code\java\idea\project\big-market-app\target\classes started by 14783 in E:\code\java\idea\project)
24-09-28.13:33:00.565 [main            ] INFO  Application            - The following 1 profile is active: "dev"
24-09-28.13:33:01.274 [main            ] INFO  RepositoryConfigurationDelegate - Multiple Spring Data modules found, entering strict repository configuration mode
24-09-28.13:33:01.276 [main            ] INFO  RepositoryConfigurationDelegate - Bootstrapping Spring Data Redis repositories in DEFAULT mode.
24-09-28.13:33:01.304 [main            ] INFO  RepositoryConfigurationDelegate - Finished Spring Data repository scanning in 11 ms. Found 0 Redis repository interfaces.
24-09-28.13:33:01.732 [main            ] INFO  TomcatWebServer        - Tomcat initialized with port(s): 8091 (http)
24-09-28.13:33:01.740 [main            ] INFO  Http11NioProtocol      - Initializing ProtocolHandler ["http-nio-8091"]
24-09-28.13:33:01.740 [main            ] INFO  StandardService        - Starting service [Tomcat]
24-09-28.13:33:01.741 [main            ] INFO  StandardEngine         - Starting Servlet engine: [Apache Tomcat/9.0.75]
24-09-28.13:33:01.869 [main            ] INFO  [/]                    - Initializing Spring embedded WebApplicationContext
24-09-28.13:33:01.869 [main            ] INFO  ServletWebServerApplicationContext - Root WebApplicationContext: initialization completed in 1273 ms
24-09-28.13:33:02.131 [main            ] INFO  Version                - Redisson 3.23.4
24-09-28.13:33:02.590 [redisson-netty-2-4] INFO  MasterPubSubConnectionPool - 1 connections initialized for 127.0.0.1/127.0.0.1:6379
24-09-28.13:33:02.610 [redisson-netty-2-23] INFO  MasterConnectionPool   - 10 connections initialized for 127.0.0.1/127.0.0.1:6379
24-09-28.13:33:03.404 [main            ] INFO  EndpointLinksResolver  - Exposing 1 endpoint(s) beneath base path '/actuator'
24-09-28.13:33:03.430 [main            ] INFO  Http11NioProtocol      - Starting ProtocolHandler ["http-nio-8091"]
24-09-28.13:33:03.438 [main            ] INFO  TomcatWebServer        - Tomcat started on port(s): 8091 (http) with context path ''
24-09-28.13:33:03.450 [main            ] INFO  Application            - Started Application in 3.338 seconds (JVM running for 4.231)
24-09-28.13:33:03.843 [RMI TCP Connection(2)-198.18.0.1] INFO  [/]                    - Initializing Spring DispatcherServlet 'dispatcherServlet'
24-09-28.13:33:03.843 [RMI TCP Connection(2)-198.18.0.1] INFO  DispatcherServlet      - Initializing Servlet 'dispatcherServlet'
24-09-28.13:33:03.843 [RMI TCP Connection(1)-198.18.0.1] INFO  HikariDataSource       - HikariPool-1 - Starting...
24-09-28.13:33:03.844 [RMI TCP Connection(2)-198.18.0.1] INFO  DispatcherServlet      - Completed initialization in 1 ms
24-09-28.13:33:04.422 [RMI TCP Connection(1)-198.18.0.1] INFO  HikariDataSource       - HikariPool-1 - Start completed.
24-09-28.13:33:22.603 [SpringApplicationShutdownHook] INFO  HikariDataSource       - HikariPool-1 - Shutdown initiated...
24-09-28.13:33:22.611 [SpringApplicationShutdownHook] INFO  HikariDataSource       - HikariPool-1 - Shutdown completed.
24-09-28.13:33:27.613 [main            ] INFO  Application            - Starting Application using Java 1.8.0_321 on 我不吃茄子西红柿 with PID 11964 (E:\code\java\idea\project\big-market-app\target\classes started by 14783 in E:\code\java\idea\project)
24-09-28.13:33:27.615 [main            ] INFO  Application            - The following 1 profile is active: "dev"
24-09-28.13:33:28.222 [main            ] INFO  RepositoryConfigurationDelegate - Multiple Spring Data modules found, entering strict repository configuration mode
24-09-28.13:33:28.224 [main            ] INFO  RepositoryConfigurationDelegate - Bootstrapping Spring Data Redis repositories in DEFAULT mode.
24-09-28.13:33:28.251 [main            ] INFO  RepositoryConfigurationDelegate - Finished Spring Data repository scanning in 10 ms. Found 0 Redis repository interfaces.
24-09-28.13:33:28.626 [main            ] INFO  TomcatWebServer        - Tomcat initialized with port(s): 8091 (http)
24-09-28.13:33:28.633 [main            ] INFO  Http11NioProtocol      - Initializing ProtocolHandler ["http-nio-8091"]
24-09-28.13:33:28.633 [main            ] INFO  StandardService        - Starting service [Tomcat]
24-09-28.13:33:28.633 [main            ] INFO  StandardEngine         - Starting Servlet engine: [Apache Tomcat/9.0.75]
24-09-28.13:33:28.751 [main            ] INFO  [/]                    - Initializing Spring embedded WebApplicationContext
24-09-28.13:33:28.751 [main            ] INFO  ServletWebServerApplicationContext - Root WebApplicationContext: initialization completed in 1107 ms
24-09-28.13:33:28.923 [main            ] WARN  AnnotationConfigServletWebServerApplicationContext - Exception encountered during context initialization - cancelling refresh attempt: org.springframework.beans.factory.UnsatisfiedDependencyException: Error creating bean with name 'application': Unsatisfied dependency expressed through field 'strategyArmory'; nested exception is org.springframework.beans.factory.NoUniqueBeanDefinitionException: No qualifying bean of type 'cn.wenzhuo4657.BigMarket.domain.strategy.service.armory.IStrategyArmory' available: expected single matching bean but found 2: strategyArmoryDispatch,IStrategyArmory
24-09-28.13:33:28.925 [main            ] INFO  StandardService        - Stopping service [Tomcat]
24-09-28.13:33:28.936 [main            ] INFO  ConditionEvaluationReportLoggingListener - 

Error starting ApplicationContext. To display the conditions report re-run your application with 'debug' enabled.
24-09-28.13:33:28.952 [main            ] ERROR LoggingFailureAnalysisReporter - 

***************************
APPLICATION FAILED TO START
***************************

Description:

Field strategyArmory in cn.wenzhuo4657.BigMarket.Application required a single bean, but 2 were found:
	- strategyArmoryDispatch: defined in file [E:\code\java\idea\project\big-market-domain\target\classes\cn\wenzhuo4657\BigMarket\domain\strategy\service\armory\StrategyArmoryDispatch.class]
	- IStrategyArmory: defined in file [E:\code\java\idea\project\big-market-domain\target\classes\cn\wenzhuo4657\BigMarket\domain\strategy\service\armory\IStrategyArmory.class]


Action:

Consider marking one of the beans as @Primary, updating the consumer to accept multiple beans, or using @Qualifier to identify the bean that should be consumed

24-09-28.13:34:01.300 [main            ] INFO  Application            - Starting Application using Java 1.8.0_321 on 我不吃茄子西红柿 with PID 1484 (E:\code\java\idea\project\big-market-app\target\classes started by 14783 in E:\code\java\idea\project)
24-09-28.13:34:01.301 [main            ] INFO  Application            - The following 1 profile is active: "dev"
24-09-28.13:34:01.873 [main            ] INFO  RepositoryConfigurationDelegate - Multiple Spring Data modules found, entering strict repository configuration mode
24-09-28.13:34:01.876 [main            ] INFO  RepositoryConfigurationDelegate - Bootstrapping Spring Data Redis repositories in DEFAULT mode.
24-09-28.13:34:01.901 [main            ] INFO  RepositoryConfigurationDelegate - Finished Spring Data repository scanning in 9 ms. Found 0 Redis repository interfaces.
24-09-28.13:34:02.253 [main            ] INFO  TomcatWebServer        - Tomcat initialized with port(s): 8091 (http)
24-09-28.13:34:02.260 [main            ] INFO  Http11NioProtocol      - Initializing ProtocolHandler ["http-nio-8091"]
24-09-28.13:34:02.261 [main            ] INFO  StandardService        - Starting service [Tomcat]
24-09-28.13:34:02.261 [main            ] INFO  StandardEngine         - Starting Servlet engine: [Apache Tomcat/9.0.75]
24-09-28.13:34:02.383 [main            ] INFO  [/]                    - Initializing Spring embedded WebApplicationContext
24-09-28.13:34:02.383 [main            ] INFO  ServletWebServerApplicationContext - Root WebApplicationContext: initialization completed in 1050 ms
24-09-28.13:34:02.639 [main            ] INFO  Version                - Redisson 3.23.4
24-09-28.13:34:03.111 [redisson-netty-2-4] INFO  MasterPubSubConnectionPool - 1 connections initialized for 127.0.0.1/127.0.0.1:6379
24-09-28.13:34:03.129 [redisson-netty-2-23] INFO  MasterConnectionPool   - 10 connections initialized for 127.0.0.1/127.0.0.1:6379
24-09-28.13:34:04.004 [main            ] INFO  EndpointLinksResolver  - Exposing 1 endpoint(s) beneath base path '/actuator'
24-09-28.13:34:04.032 [main            ] INFO  Http11NioProtocol      - Starting ProtocolHandler ["http-nio-8091"]
24-09-28.13:34:04.040 [main            ] INFO  TomcatWebServer        - Tomcat started on port(s): 8091 (http) with context path ''
24-09-28.13:34:04.052 [main            ] INFO  Application            - Started Application in 3.104 seconds (JVM running for 3.771)
24-09-28.13:34:04.324 [RMI TCP Connection(1)-198.18.0.1] INFO  [/]                    - Initializing Spring DispatcherServlet 'dispatcherServlet'
24-09-28.13:34:04.324 [RMI TCP Connection(2)-198.18.0.1] INFO  HikariDataSource       - HikariPool-1 - Starting...
24-09-28.13:34:04.324 [RMI TCP Connection(1)-198.18.0.1] INFO  DispatcherServlet      - Initializing Servlet 'dispatcherServlet'
24-09-28.13:34:04.325 [RMI TCP Connection(1)-198.18.0.1] INFO  DispatcherServlet      - Completed initialization in 0 ms
24-09-28.13:34:04.845 [RMI TCP Connection(2)-198.18.0.1] INFO  HikariDataSource       - HikariPool-1 - Start completed.
24-09-28.13:38:36.803 [SpringApplicationShutdownHook] INFO  HikariDataSource       - HikariPool-1 - Shutdown initiated...
24-09-28.13:38:36.811 [SpringApplicationShutdownHook] INFO  HikariDataSource       - HikariPool-1 - Shutdown completed.
24-09-28.13:38:41.782 [main            ] INFO  Application            - Starting Application using Java 1.8.0_321 on 我不吃茄子西红柿 with PID 7172 (E:\code\java\idea\project\big-market-app\target\classes started by 14783 in E:\code\java\idea\project)
24-09-28.13:38:41.784 [main            ] INFO  Application            - The following 1 profile is active: "dev"
24-09-28.13:38:42.428 [main            ] INFO  RepositoryConfigurationDelegate - Multiple Spring Data modules found, entering strict repository configuration mode
24-09-28.13:38:42.431 [main            ] INFO  RepositoryConfigurationDelegate - Bootstrapping Spring Data Redis repositories in DEFAULT mode.
24-09-28.13:38:42.456 [main            ] INFO  RepositoryConfigurationDelegate - Finished Spring Data repository scanning in 11 ms. Found 0 Redis repository interfaces.
24-09-28.13:38:42.881 [main            ] INFO  TomcatWebServer        - Tomcat initialized with port(s): 8091 (http)
24-09-28.13:38:42.888 [main            ] INFO  Http11NioProtocol      - Initializing ProtocolHandler ["http-nio-8091"]
24-09-28.13:38:42.888 [main            ] INFO  StandardService        - Starting service [Tomcat]
24-09-28.13:38:42.888 [main            ] INFO  StandardEngine         - Starting Servlet engine: [Apache Tomcat/9.0.75]
24-09-28.13:38:43.038 [main            ] INFO  [/]                    - Initializing Spring embedded WebApplicationContext
24-09-28.13:38:43.038 [main            ] INFO  ServletWebServerApplicationContext - Root WebApplicationContext: initialization completed in 1224 ms
24-09-28.13:38:43.248 [main            ] WARN  AnnotationConfigServletWebServerApplicationContext - Exception encountered during context initialization - cancelling refresh attempt: org.springframework.beans.factory.UnsatisfiedDependencyException: Error creating bean with name 'application': Unsatisfied dependency expressed through field 'strategyArmory'; nested exception is org.springframework.beans.factory.NoUniqueBeanDefinitionException: No qualifying bean of type 'cn.wenzhuo4657.BigMarket.domain.strategy.service.armory.IStrategyArmory' available: expected single matching bean but found 2: strategyArmoryDispatch,IStrategyArmory
24-09-28.13:38:43.251 [main            ] INFO  StandardService        - Stopping service [Tomcat]
24-09-28.13:38:43.264 [main            ] INFO  ConditionEvaluationReportLoggingListener - 

Error starting ApplicationContext. To display the conditions report re-run your application with 'debug' enabled.
24-09-28.13:38:43.283 [main            ] ERROR LoggingFailureAnalysisReporter - 

***************************
APPLICATION FAILED TO START
***************************

Description:

Field strategyArmory in cn.wenzhuo4657.BigMarket.Application required a single bean, but 2 were found:
	- strategyArmoryDispatch: defined in file [E:\code\java\idea\project\big-market-domain\target\classes\cn\wenzhuo4657\BigMarket\domain\strategy\service\armory\StrategyArmoryDispatch.class]
	- IStrategyArmory: defined in file [E:\code\java\idea\project\big-market-domain\target\classes\cn\wenzhuo4657\BigMarket\domain\strategy\service\armory\IStrategyArmory.class]


Action:

Consider marking one of the beans as @Primary, updating the consumer to accept multiple beans, or using @Qualifier to identify the bean that should be consumed

