25-07-21.11:13:01.783 [main            ] WARN  ServiceAnnotationPostProcessor -  [DUBBO] No class annotated by Dubbo @Service was found under package [cn.wenzhuo4657.trigger.api], ignore re-scanned classes: 0, dubbo version: 3.2.5, current host: 192.168.43.185, error code: 5-28. This may be caused by No annotations were found on the class, go to https://dubbo.apache.org/faq/5/28 to find instructions. 
25-07-21.11:13:27.454 [I/O dispatcher 1] WARN  RestClient             - request [GET http://154.64.245.158:9200/] returned 1 warnings: [299 Elasticsearch-7.17.14-774e3bfa4d52e2834e4d9d8d669d77e4e5c1017f "Elasticsearch built-in security features are not enabled. Without authentication, your cluster could be accessible to anyone. See https://www.elastic.co/guide/en/elasticsearch/reference/7.17/security-minimal-setup.html to enable security."]
25-07-21.11:13:27.563 [main            ] WARN  RestClient             - request [HEAD http://154.64.245.158:9200/big_market.user_behavior_rebate_order] returned 1 warnings: [299 Elasticsearch-7.17.14-774e3bfa4d52e2834e4d9d8d669d77e4e5c1017f "Elasticsearch built-in security features are not enabled. Without authentication, your cluster could be accessible to anyone. See https://www.elastic.co/guide/en/elasticsearch/reference/7.17/security-minimal-setup.html to enable security."]
25-07-21.11:13:27.698 [main            ] WARN  RestClient             - request [HEAD http://154.64.245.158:9200/big_market.raffle_activity_order] returned 1 warnings: [299 Elasticsearch-7.17.14-774e3bfa4d52e2834e4d9d8d669d77e4e5c1017f "Elasticsearch built-in security features are not enabled. Without authentication, your cluster could be accessible to anyone. See https://www.elastic.co/guide/en/elasticsearch/reference/7.17/security-minimal-setup.html to enable security."]
25-07-21.11:13:27.800 [main            ] WARN  RestClient             - request [HEAD http://154.64.245.158:9200/big_market.user_award_record] returned 1 warnings: [299 Elasticsearch-7.17.14-774e3bfa4d52e2834e4d9d8d669d77e4e5c1017f "Elasticsearch built-in security features are not enabled. Without authentication, your cluster could be accessible to anyone. See https://www.elastic.co/guide/en/elasticsearch/reference/7.17/security-minimal-setup.html to enable security."]
25-07-21.11:13:27.896 [main            ] WARN  RestClient             - request [HEAD http://154.64.245.158:9200/big_market.user_raffle_order] returned 1 warnings: [299 Elasticsearch-7.17.14-774e3bfa4d52e2834e4d9d8d669d77e4e5c1017f "Elasticsearch built-in security features are not enabled. Without authentication, your cluster could be accessible to anyone. See https://www.elastic.co/guide/en/elasticsearch/reference/7.17/security-minimal-setup.html to enable security."]
25-07-21.11:14:23.557 [main            ] WARN  LoadBalancerCacheAutoConfiguration$LoadBalancerCaffeineWarnLogger - Spring Cloud LoadBalancer is currently working with the default cache. While this cache implementation is useful for development and tests, it's recommended to use Caffeine cache in production.You can switch to using Caffeine cache, by adding it and org.springframework.cache.caffeine.CaffeineCacheManager to the classpath.
25-07-21.11:14:26.900 [xxl-job, executor ExecutorRegistryThread] ERROR XxlJobRemotingUtil     - Read timed out
java.net.SocketTimeoutException: Read timed out
	at java.net.SocketInputStream.socketRead0(Native Method)
	at java.net.SocketInputStream.socketRead(SocketInputStream.java:116)
	at java.net.SocketInputStream.read(SocketInputStream.java:171)
	at java.net.SocketInputStream.read(SocketInputStream.java:141)
	at java.io.BufferedInputStream.fill(BufferedInputStream.java:246)
	at java.io.BufferedInputStream.read1(BufferedInputStream.java:286)
	at java.io.BufferedInputStream.read(BufferedInputStream.java:345)
	at sun.net.www.http.HttpClient.parseHTTPHeader(HttpClient.java:735)
	at sun.net.www.http.HttpClient.parseHTTP(HttpClient.java:678)
	at sun.net.www.protocol.http.HttpURLConnection.getInputStream0(HttpURLConnection.java:1569)
	at sun.net.www.protocol.http.HttpURLConnection.getInputStream(HttpURLConnection.java:1474)
	at java.net.HttpURLConnection.getResponseCode(HttpURLConnection.java:480)
	at com.xxl.job.core.util.XxlJobRemotingUtil.postBody(XxlJobRemotingUtil.java:119)
	at com.xxl.job.core.biz.client.AdminBizClient.registry(AdminBizClient.java:42)
	at com.xxl.job.core.thread.ExecutorRegistryThread$1.run(ExecutorRegistryThread.java:48)
	at java.lang.Thread.run(Thread.java:748)
25-07-21.11:15:19.892 [main            ] WARN  ServiceConfig          -  [DUBBO] Use random available port(20880) for protocol dubbo, dubbo version: 3.2.5, current host: 192.168.43.185, error code: 5-8. This may be caused by , go to https://dubbo.apache.org/faq/5/8 to find instructions. 
25-07-21.11:15:21.572 [main            ] WARN  NacosRegistry          -  [DUBBO] Received empty url address list and empty protection is disabled, will clear current available addresses, dubbo version: 3.2.5, current host: 192.168.43.185, error code: 1-37. This may be caused by , go to https://dubbo.apache.org/faq/1/37 to find instructions. 
25-07-21.11:15:21.629 [main            ] WARN  NacosRegistry          -  [DUBBO] Received empty url address list and empty protection is disabled, will clear current available addresses, dubbo version: 3.2.5, current host: 192.168.43.185, error code: 1-37. This may be caused by , go to https://dubbo.apache.org/faq/1/37 to find instructions. 
25-07-21.11:15:22.171 [main            ] WARN  NacosRegistry          -  [DUBBO] Received empty url address list and empty protection is disabled, will clear current available addresses, dubbo version: 3.2.5, current host: 192.168.43.185, error code: 1-37. This may be caused by , go to https://dubbo.apache.org/faq/1/37 to find instructions. 
25-07-21.11:15:22.214 [main            ] WARN  NacosRegistry          -  [DUBBO] Received empty url address list and empty protection is disabled, will clear current available addresses, dubbo version: 3.2.5, current host: 192.168.43.185, error code: 1-37. This may be caused by , go to https://dubbo.apache.org/faq/1/37 to find instructions. 
25-07-21.11:15:22.656 [main            ] WARN  NacosRegistry          -  [DUBBO] Received empty url address list and empty protection is disabled, will clear current available addresses, dubbo version: 3.2.5, current host: 192.168.43.185, error code: 1-37. This may be caused by , go to https://dubbo.apache.org/faq/1/37 to find instructions. 
25-07-21.11:15:22.713 [main            ] WARN  NacosRegistry          -  [DUBBO] Received empty url address list and empty protection is disabled, will clear current available addresses, dubbo version: 3.2.5, current host: 192.168.43.185, error code: 1-37. This may be caused by , go to https://dubbo.apache.org/faq/1/37 to find instructions. 
25-07-21.11:15:23.359 [main            ] WARN  NacosRegistry          -  [DUBBO] Received empty url address list and empty protection is disabled, will clear current available addresses, dubbo version: 3.2.5, current host: 192.168.43.185, error code: 1-37. This may be caused by , go to https://dubbo.apache.org/faq/1/37 to find instructions. 
25-07-21.11:15:23.664 [Dubbo-framework-registry-notification-4-thread-1] WARN  NacosRegistry          -  [DUBBO] Received empty url address list and empty protection is disabled, will clear current available addresses, dubbo version: 3.2.5, current host: 192.168.43.185, error code: 1-37. This may be caused by , go to https://dubbo.apache.org/faq/1/37 to find instructions. 
25-07-21.11:15:23.994 [Dubbo-framework-registry-notification-0-thread-1] WARN  NacosRegistry          -  [DUBBO] Received empty url address list and empty protection is disabled, will clear current available addresses, dubbo version: 3.2.5, current host: 192.168.43.185, error code: 1-37. This may be caused by , go to https://dubbo.apache.org/faq/1/37 to find instructions. 
25-07-21.11:15:24.093 [Dubbo-framework-registry-notification-2-thread-1] WARN  NacosRegistry          -  [DUBBO] Received empty url address list and empty protection is disabled, will clear current available addresses, dubbo version: 3.2.5, current host: 192.168.43.185, error code: 1-37. This may be caused by , go to https://dubbo.apache.org/faq/1/37 to find instructions. 
25-07-21.11:15:27.204 [RMI TCP Connection(23)-10.14.230.136] WARN  RestClient             - request [GET http://154.64.245.158:9200/_cluster/health/] returned 1 warnings: [299 Elasticsearch-7.17.14-774e3bfa4d52e2834e4d9d8d669d77e4e5c1017f "Elasticsearch built-in security features are not enabled. Without authentication, your cluster could be accessible to anyone. See https://www.elastic.co/guide/en/elasticsearch/reference/7.17/security-minimal-setup.html to enable security."]
25-07-21.11:16:31.141 [Thread-3        ] WARN  HttpClientBeanHolder   - [HttpClientBeanHolder] Start destroying common HttpClient
25-07-21.11:16:31.141 [Thread-8        ] WARN  NotifyCenter           - [NotifyCenter] Start destroying Publisher
25-07-21.11:16:31.141 [Thread-8        ] WARN  NotifyCenter           - [NotifyCenter] Destruction of the end
25-07-21.11:16:31.151 [Thread-3        ] WARN  HttpClientBeanHolder   - [HttpClientBeanHolder] Destruction of the end
25-07-21.13:55:12.582 [main            ] WARN  ServiceAnnotationPostProcessor -  [DUBBO] No class annotated by Dubbo @Service was found under package [cn.wenzhuo4657.trigger.api], ignore re-scanned classes: 0, dubbo version: 3.2.5, current host: 192.168.43.185, error code: 5-28. This may be caused by No annotations were found on the class, go to https://dubbo.apache.org/faq/5/28 to find instructions. 
25-07-21.13:55:37.134 [I/O dispatcher 1] WARN  RestClient             - request [GET http://154.64.245.158:9200/] returned 1 warnings: [299 Elasticsearch-7.17.14-774e3bfa4d52e2834e4d9d8d669d77e4e5c1017f "Elasticsearch built-in security features are not enabled. Without authentication, your cluster could be accessible to anyone. See https://www.elastic.co/guide/en/elasticsearch/reference/7.17/security-minimal-setup.html to enable security."]
25-07-21.13:55:37.272 [main            ] WARN  RestClient             - request [HEAD http://154.64.245.158:9200/big_market.user_behavior_rebate_order] returned 1 warnings: [299 Elasticsearch-7.17.14-774e3bfa4d52e2834e4d9d8d669d77e4e5c1017f "Elasticsearch built-in security features are not enabled. Without authentication, your cluster could be accessible to anyone. See https://www.elastic.co/guide/en/elasticsearch/reference/7.17/security-minimal-setup.html to enable security."]
25-07-21.13:55:37.405 [main            ] WARN  AnnotationConfigServletWebServerApplicationContext - Exception encountered during context initialization - cancelling refresh attempt: org.springframework.beans.factory.UnsatisfiedDependencyException: Error creating bean with name 'IEsuInfoController': Unsatisfied dependency expressed through field 'raffleActivityOrderRepository'; nested exception is org.springframework.beans.factory.BeanCreationException: Error creating bean with name 'IRaffleActivityOrderRepository' defined in cn.wenzhuo4657.LuckySphere.querys.repository.IRaffleActivityOrderRepository defined in @EnableElasticsearchRepositories declared on elasticsearchConfig: Invocation of init method failed; nested exception is java.lang.reflect.InaccessibleObjectException: Unable to make field private final java.math.BigInteger java.math.BigDecimal.intVal accessible: module java.base does not "opens java.math" to unnamed module @11392934
25-07-21.13:55:37.752 [main            ] WARN  WebappClassLoaderBase  - The web application [ROOT] appears to have started a thread named [ShardingSphere-TableMetaDataLoaderEngine-0] but has failed to stop it. This is very likely to create a memory leak. Stack trace of thread:
 java.base@17.0.15/jdk.internal.misc.Unsafe.park(Native Method)
 java.base@17.0.15/java.util.concurrent.locks.LockSupport.park(LockSupport.java:341)
 java.base@17.0.15/java.util.concurrent.locks.AbstractQueuedSynchronizer$ConditionNode.block(AbstractQueuedSynchronizer.java:506)
 java.base@17.0.15/java.util.concurrent.ForkJoinPool.unmanagedBlock(ForkJoinPool.java:3465)
 java.base@17.0.15/java.util.concurrent.ForkJoinPool.managedBlock(ForkJoinPool.java:3436)
 java.base@17.0.15/java.util.concurrent.locks.AbstractQueuedSynchronizer$ConditionObject.await(AbstractQueuedSynchronizer.java:1630)
 java.base@17.0.15/java.util.concurrent.LinkedBlockingQueue.take(LinkedBlockingQueue.java:435)
 java.base@17.0.15/java.util.concurrent.ThreadPoolExecutor.getTask(ThreadPoolExecutor.java:1062)
 java.base@17.0.15/java.util.concurrent.ThreadPoolExecutor.runWorker(ThreadPoolExecutor.java:1122)
 java.base@17.0.15/java.util.concurrent.ThreadPoolExecutor$Worker.run(ThreadPoolExecutor.java:635)
 java.base@17.0.15/java.lang.Thread.run(Thread.java:840)
25-07-21.13:55:37.752 [main            ] WARN  WebappClassLoaderBase  - The web application [ROOT] appears to have started a thread named [ShardingSphere-TableMetaDataLoaderEngine-1] but has failed to stop it. This is very likely to create a memory leak. Stack trace of thread:
 java.base@17.0.15/jdk.internal.misc.Unsafe.park(Native Method)
 java.base@17.0.15/java.util.concurrent.locks.LockSupport.park(LockSupport.java:341)
 java.base@17.0.15/java.util.concurrent.locks.AbstractQueuedSynchronizer$ConditionNode.block(AbstractQueuedSynchronizer.java:506)
 java.base@17.0.15/java.util.concurrent.ForkJoinPool.unmanagedBlock(ForkJoinPool.java:3465)
 java.base@17.0.15/java.util.concurrent.ForkJoinPool.managedBlock(ForkJoinPool.java:3436)
 java.base@17.0.15/java.util.concurrent.locks.AbstractQueuedSynchronizer$ConditionObject.await(AbstractQueuedSynchronizer.java:1630)
 java.base@17.0.15/java.util.concurrent.LinkedBlockingQueue.take(LinkedBlockingQueue.java:435)
 java.base@17.0.15/java.util.concurrent.ThreadPoolExecutor.getTask(ThreadPoolExecutor.java:1062)
 java.base@17.0.15/java.util.concurrent.ThreadPoolExecutor.runWorker(ThreadPoolExecutor.java:1122)
 java.base@17.0.15/java.util.concurrent.ThreadPoolExecutor$Worker.run(ThreadPoolExecutor.java:635)
 java.base@17.0.15/java.lang.Thread.run(Thread.java:840)
25-07-21.13:55:37.835 [main            ] ERROR SpringApplication      - Application run failed
org.springframework.beans.factory.UnsatisfiedDependencyException: Error creating bean with name 'IEsuInfoController': Unsatisfied dependency expressed through field 'raffleActivityOrderRepository'; nested exception is org.springframework.beans.factory.BeanCreationException: Error creating bean with name 'IRaffleActivityOrderRepository' defined in cn.wenzhuo4657.LuckySphere.querys.repository.IRaffleActivityOrderRepository defined in @EnableElasticsearchRepositories declared on elasticsearchConfig: Invocation of init method failed; nested exception is java.lang.reflect.InaccessibleObjectException: Unable to make field private final java.math.BigInteger java.math.BigDecimal.intVal accessible: module java.base does not "opens java.math" to unnamed module @11392934
	at org.springframework.beans.factory.annotation.AutowiredAnnotationBeanPostProcessor$AutowiredFieldElement.resolveFieldValue(AutowiredAnnotationBeanPostProcessor.java:660)
	at org.springframework.beans.factory.annotation.AutowiredAnnotationBeanPostProcessor$AutowiredFieldElement.inject(AutowiredAnnotationBeanPostProcessor.java:640)
	at org.springframework.beans.factory.annotation.InjectionMetadata.inject(InjectionMetadata.java:119)
	at org.springframework.beans.factory.annotation.AutowiredAnnotationBeanPostProcessor.postProcessProperties(AutowiredAnnotationBeanPostProcessor.java:399)
	at org.springframework.beans.factory.support.AbstractAutowireCapableBeanFactory.populateBean(AbstractAutowireCapableBeanFactory.java:1431)
	at org.springframework.beans.factory.support.AbstractAutowireCapableBeanFactory.doCreateBean(AbstractAutowireCapableBeanFactory.java:619)
	at org.springframework.beans.factory.support.AbstractAutowireCapableBeanFactory.createBean(AbstractAutowireCapableBeanFactory.java:542)
	at org.springframework.beans.factory.support.AbstractBeanFactory.lambda$doGetBean$0(AbstractBeanFactory.java:335)
	at org.springframework.beans.factory.support.DefaultSingletonBeanRegistry.getSingleton(DefaultSingletonBeanRegistry.java:234)
	at org.springframework.beans.factory.support.AbstractBeanFactory.doGetBean(AbstractBeanFactory.java:333)
	at org.springframework.beans.factory.support.AbstractBeanFactory.getBean(AbstractBeanFactory.java:208)
	at org.springframework.beans.factory.support.DefaultListableBeanFactory.preInstantiateSingletons(DefaultListableBeanFactory.java:955)
	at org.springframework.context.support.AbstractApplicationContext.finishBeanFactoryInitialization(AbstractApplicationContext.java:920)
	at org.springframework.context.support.AbstractApplicationContext.refresh(AbstractApplicationContext.java:583)
	at org.springframework.boot.web.servlet.context.ServletWebServerApplicationContext.refresh(ServletWebServerApplicationContext.java:147)
	at org.springframework.boot.SpringApplication.refresh(SpringApplication.java:731)
	at org.springframework.boot.SpringApplication.refreshContext(SpringApplication.java:408)
	at org.springframework.boot.SpringApplication.run(SpringApplication.java:307)
	at org.springframework.boot.SpringApplication.run(SpringApplication.java:1303)
	at org.springframework.boot.SpringApplication.run(SpringApplication.java:1292)
	at cn.wenzhuo4657.LuckySphere.Application.main(Application.java:20)
Caused by: org.springframework.beans.factory.BeanCreationException: Error creating bean with name 'IRaffleActivityOrderRepository' defined in cn.wenzhuo4657.LuckySphere.querys.repository.IRaffleActivityOrderRepository defined in @EnableElasticsearchRepositories declared on elasticsearchConfig: Invocation of init method failed; nested exception is java.lang.reflect.InaccessibleObjectException: Unable to make field private final java.math.BigInteger java.math.BigDecimal.intVal accessible: module java.base does not "opens java.math" to unnamed module @11392934
	at org.springframework.beans.factory.support.AbstractAutowireCapableBeanFactory.initializeBean(AbstractAutowireCapableBeanFactory.java:1804)
	at org.springframework.beans.factory.support.AbstractAutowireCapableBeanFactory.doCreateBean(AbstractAutowireCapableBeanFactory.java:620)
	at org.springframework.beans.factory.support.AbstractAutowireCapableBeanFactory.createBean(AbstractAutowireCapableBeanFactory.java:542)
	at org.springframework.beans.factory.support.AbstractBeanFactory.lambda$doGetBean$0(AbstractBeanFactory.java:335)
	at org.springframework.beans.factory.support.DefaultSingletonBeanRegistry.getSingleton(DefaultSingletonBeanRegistry.java:234)
	at org.springframework.beans.factory.support.AbstractBeanFactory.doGetBean(AbstractBeanFactory.java:333)
	at org.springframework.beans.factory.support.AbstractBeanFactory.getBean(AbstractBeanFactory.java:208)
	at org.springframework.beans.factory.config.DependencyDescriptor.resolveCandidate(DependencyDescriptor.java:276)
	at org.springframework.beans.factory.support.DefaultListableBeanFactory.doResolveDependency(DefaultListableBeanFactory.java:1391)
	at org.springframework.beans.factory.support.DefaultListableBeanFactory.resolveDependency(DefaultListableBeanFactory.java:1311)
	at org.springframework.beans.factory.annotation.AutowiredAnnotationBeanPostProcessor$AutowiredFieldElement.resolveFieldValue(AutowiredAnnotationBeanPostProcessor.java:657)
	... 20 common frames omitted
Caused by: java.lang.reflect.InaccessibleObjectException: Unable to make field private final java.math.BigInteger java.math.BigDecimal.intVal accessible: module java.base does not "opens java.math" to unnamed module @11392934
	at java.base/java.lang.reflect.AccessibleObject.checkCanSetAccessible(AccessibleObject.java:354)
	at java.base/java.lang.reflect.AccessibleObject.checkCanSetAccessible(AccessibleObject.java:297)
	at java.base/java.lang.reflect.Field.checkCanSetAccessible(Field.java:178)
	at java.base/java.lang.reflect.Field.setAccessible(Field.java:172)
	at org.springframework.util.ReflectionUtils.makeAccessible(ReflectionUtils.java:791)
	at org.springframework.data.mapping.context.AbstractMappingContext$PersistentPropertyCreator.doWith(AbstractMappingContext.java:575)
	at org.springframework.util.ReflectionUtils.doWithFields(ReflectionUtils.java:714)
	at org.springframework.data.mapping.context.AbstractMappingContext.doAddPersistentEntity(AbstractMappingContext.java:449)
	at org.springframework.data.mapping.context.AbstractMappingContext.addPersistentEntity(AbstractMappingContext.java:406)
	at org.springframework.data.mapping.context.AbstractMappingContext$PersistentPropertyCreator.lambda$createAndRegisterProperty$3(AbstractMappingContext.java:630)
	at java.base/java.lang.Iterable.forEach(Iterable.java:75)
	at org.springframework.data.mapping.context.AbstractMappingContext$PersistentPropertyCreator.createAndRegisterProperty(AbstractMappingContext.java:627)
	at org.springframework.data.mapping.context.AbstractMappingContext$PersistentPropertyCreator.doWith(AbstractMappingContext.java:581)
	at org.springframework.util.ReflectionUtils.doWithFields(ReflectionUtils.java:714)
	at org.springframework.data.mapping.context.AbstractMappingContext.doAddPersistentEntity(AbstractMappingContext.java:449)
	at org.springframework.data.mapping.context.AbstractMappingContext.addPersistentEntity(AbstractMappingContext.java:406)
	at org.springframework.data.mapping.context.AbstractMappingContext.getPersistentEntity(AbstractMappingContext.java:291)
	at org.springframework.data.mapping.context.AbstractMappingContext.getPersistentEntity(AbstractMappingContext.java:209)
	at org.springframework.data.mapping.context.AbstractMappingContext.getPersistentEntity(AbstractMappingContext.java:92)
	at org.springframework.data.repository.core.support.RepositoryFactoryBeanSupport.lambda$afterPropertiesSet$6(RepositoryFactoryBeanSupport.java:326)
	at java.base/java.util.Optional.ifPresent(Optional.java:178)
	at org.springframework.data.repository.core.support.RepositoryFactoryBeanSupport.afterPropertiesSet(RepositoryFactoryBeanSupport.java:326)
	at org.springframework.data.elasticsearch.repository.support.ElasticsearchRepositoryFactoryBean.afterPropertiesSet(ElasticsearchRepositoryFactoryBean.java:69)
	at org.springframework.beans.factory.support.AbstractAutowireCapableBeanFactory.invokeInitMethods(AbstractAutowireCapableBeanFactory.java:1863)
	at org.springframework.beans.factory.support.AbstractAutowireCapableBeanFactory.initializeBean(AbstractAutowireCapableBeanFactory.java:1800)
	... 30 common frames omitted
25-07-21.13:55:37.840 [Thread-1        ] WARN  HttpClientBeanHolder   - [HttpClientBeanHolder] Start destroying common HttpClient
25-07-21.13:55:37.841 [Thread-1        ] WARN  HttpClientBeanHolder   - [HttpClientBeanHolder] Destruction of the end
