25-06-11.17:37:54.060 [main            ] WARN  ServiceAnnotationPostProcessor -  [DUBBO] No class annotated by Dubbo @Service was found under package [cn.wenzhuo4657.trigger.api], ignore re-scanned classes: 0, dubbo version: 3.2.5, current host: 192.168.43.185, error code: 5-28. This may be caused by No annotations were found on the class, go to https://dubbo.apache.org/faq/5/28 to find instructions. 
25-06-11.17:38:20.880 [I/O dispatcher 1] WARN  RestClient             - request [GET http://154.64.245.158:9200/] returned 1 warnings: [299 Elasticsearch-7.17.14-774e3bfa4d52e2834e4d9d8d669d77e4e5c1017f "Elasticsearch built-in security features are not enabled. Without authentication, your cluster could be accessible to anyone. See https://www.elastic.co/guide/en/elasticsearch/reference/7.17/security-minimal-setup.html to enable security."]
25-06-11.17:38:21.007 [main            ] WARN  RestClient             - request [HEAD http://154.64.245.158:9200/big_market.user_behavior_rebate_order] returned 1 warnings: [299 Elasticsearch-7.17.14-774e3bfa4d52e2834e4d9d8d669d77e4e5c1017f "Elasticsearch built-in security features are not enabled. Without authentication, your cluster could be accessible to anyone. See https://www.elastic.co/guide/en/elasticsearch/reference/7.17/security-minimal-setup.html to enable security."]
25-06-11.17:38:21.155 [main            ] WARN  RestClient             - request [HEAD http://154.64.245.158:9200/big_market.raffle_activity_order] returned 1 warnings: [299 Elasticsearch-7.17.14-774e3bfa4d52e2834e4d9d8d669d77e4e5c1017f "Elasticsearch built-in security features are not enabled. Without authentication, your cluster could be accessible to anyone. See https://www.elastic.co/guide/en/elasticsearch/reference/7.17/security-minimal-setup.html to enable security."]
25-06-11.17:38:21.284 [main            ] WARN  RestClient             - request [HEAD http://154.64.245.158:9200/big_market.user_award_record] returned 1 warnings: [299 Elasticsearch-7.17.14-774e3bfa4d52e2834e4d9d8d669d77e4e5c1017f "Elasticsearch built-in security features are not enabled. Without authentication, your cluster could be accessible to anyone. See https://www.elastic.co/guide/en/elasticsearch/reference/7.17/security-minimal-setup.html to enable security."]
25-06-11.17:38:21.395 [main            ] WARN  RestClient             - request [HEAD http://154.64.245.158:9200/big_market.user_raffle_order] returned 1 warnings: [299 Elasticsearch-7.17.14-774e3bfa4d52e2834e4d9d8d669d77e4e5c1017f "Elasticsearch built-in security features are not enabled. Without authentication, your cluster could be accessible to anyone. See https://www.elastic.co/guide/en/elasticsearch/reference/7.17/security-minimal-setup.html to enable security."]
25-06-11.17:38:30.259 [main            ] WARN  LoadBalancerCacheAutoConfiguration$LoadBalancerCaffeineWarnLogger - Spring Cloud LoadBalancer is currently working with the default cache. While this cache implementation is useful for development and tests, it's recommended to use Caffeine cache in production.You can switch to using Caffeine cache, by adding it and org.springframework.cache.caffeine.CaffeineCacheManager to the classpath.
25-06-11.17:38:36.509 [main            ] WARN  ServiceConfig          -  [DUBBO] Use random available port(20881) for protocol dubbo, dubbo version: 3.2.5, current host: 192.168.43.185, error code: 5-8. This may be caused by , go to https://dubbo.apache.org/faq/5/8 to find instructions. 
25-06-11.17:38:36.703 [main            ] ERROR Server                 -  [DUBBO] qos-server can not bind localhost:22222, dubbo version: 3.2.5, current host: 192.168.43.185, error code: 7-4. This may be caused by , go to https://dubbo.apache.org/faq/7/4 to find instructions. 
java.net.BindException: Address already in use: bind
	at sun.nio.ch.Net.bind0(Native Method)
	at sun.nio.ch.Net.bind(Net.java:433)
	at sun.nio.ch.Net.bind(Net.java:425)
	at sun.nio.ch.ServerSocketChannelImpl.bind(ServerSocketChannelImpl.java:223)
	at io.netty.channel.socket.nio.NioServerSocketChannel.doBind(NioServerSocketChannel.java:141)
	at io.netty.channel.AbstractChannel$AbstractUnsafe.bind(AbstractChannel.java:562)
	at io.netty.channel.DefaultChannelPipeline$HeadContext.bind(DefaultChannelPipeline.java:1334)
	at io.netty.channel.AbstractChannelHandlerContext.invokeBind(AbstractChannelHandlerContext.java:600)
	at io.netty.channel.AbstractChannelHandlerContext.bind(AbstractChannelHandlerContext.java:579)
	at io.netty.channel.DefaultChannelPipeline.bind(DefaultChannelPipeline.java:973)
	at io.netty.channel.AbstractChannel.bind(AbstractChannel.java:260)
	at io.netty.bootstrap.AbstractBootstrap$2.run(AbstractBootstrap.java:356)
	at io.netty.util.concurrent.AbstractEventExecutor.runTask(AbstractEventExecutor.java:174)
	at io.netty.util.concurrent.AbstractEventExecutor.safeExecute(AbstractEventExecutor.java:167)
	at io.netty.util.concurrent.SingleThreadEventExecutor.runAllTasks(SingleThreadEventExecutor.java:470)
	at io.netty.channel.nio.NioEventLoop.run(NioEventLoop.java:569)
	at io.netty.util.concurrent.SingleThreadEventExecutor$4.run(SingleThreadEventExecutor.java:997)
	at io.netty.util.internal.ThreadExecutorMap$2.run(ThreadExecutorMap.java:74)
	at io.netty.util.concurrent.FastThreadLocalRunnable.run(FastThreadLocalRunnable.java:30)
	at java.lang.Thread.run(Thread.java:748)
25-06-11.17:38:36.703 [main            ] WARN  QosProtocolWrapper     -  [DUBBO] Fail to start qos server: , dubbo version: 3.2.5, current host: 192.168.43.185, error code: 7-4. This may be caused by , go to https://dubbo.apache.org/faq/7/4 to find instructions. 
java.net.BindException: Address already in use: bind
	at sun.nio.ch.Net.bind0(Native Method)
	at sun.nio.ch.Net.bind(Net.java:433)
	at sun.nio.ch.Net.bind(Net.java:425)
	at sun.nio.ch.ServerSocketChannelImpl.bind(ServerSocketChannelImpl.java:223)
	at io.netty.channel.socket.nio.NioServerSocketChannel.doBind(NioServerSocketChannel.java:141)
	at io.netty.channel.AbstractChannel$AbstractUnsafe.bind(AbstractChannel.java:562)
	at io.netty.channel.DefaultChannelPipeline$HeadContext.bind(DefaultChannelPipeline.java:1334)
	at io.netty.channel.AbstractChannelHandlerContext.invokeBind(AbstractChannelHandlerContext.java:600)
	at io.netty.channel.AbstractChannelHandlerContext.bind(AbstractChannelHandlerContext.java:579)
	at io.netty.channel.DefaultChannelPipeline.bind(DefaultChannelPipeline.java:973)
	at io.netty.channel.AbstractChannel.bind(AbstractChannel.java:260)
	at io.netty.bootstrap.AbstractBootstrap$2.run(AbstractBootstrap.java:356)
	at io.netty.util.concurrent.AbstractEventExecutor.runTask(AbstractEventExecutor.java:174)
	at io.netty.util.concurrent.AbstractEventExecutor.safeExecute(AbstractEventExecutor.java:167)
	at io.netty.util.concurrent.SingleThreadEventExecutor.runAllTasks(SingleThreadEventExecutor.java:470)
	at io.netty.channel.nio.NioEventLoop.run(NioEventLoop.java:569)
	at io.netty.util.concurrent.SingleThreadEventExecutor$4.run(SingleThreadEventExecutor.java:997)
	at io.netty.util.internal.ThreadExecutorMap$2.run(ThreadExecutorMap.java:74)
	at io.netty.util.concurrent.FastThreadLocalRunnable.run(FastThreadLocalRunnable.java:30)
	at java.lang.Thread.run(Thread.java:748)
25-06-11.17:38:37.100 [main            ] WARN  FileCacheStoreFactory  -  [DUBBO] Failed to create file store cache. Local file cache will be disabled. Cache file name: C:\Users\25370\.dubbo\.metadata.big-market.nacos.117.72.36.124%003a8848.dubbo.cache, dubbo version: 3.2.5, current host: 192.168.43.185, error code: 0-3. This may be caused by inaccessible of cache path, go to https://dubbo.apache.org/faq/0/3 to find instructions. 
org.apache.dubbo.common.cache.FileCacheStoreFactory$PathNotExclusiveException: C:\Users\25370\.dubbo\.metadata.big-market.nacos.117.72.36.124%003a8848.dubbo.cache is not exclusive. Maybe multiple Dubbo instances are using the same folder.
	at org.apache.dubbo.common.cache.FileCacheStoreFactory.tryFileLock(FileCacheStoreFactory.java:189)
	at org.apache.dubbo.common.cache.FileCacheStoreFactory.getFile(FileCacheStoreFactory.java:150)
	at org.apache.dubbo.common.cache.FileCacheStoreFactory.lambda$getInstance$0(FileCacheStoreFactory.java:113)
	at org.apache.dubbo.common.utils.ConcurrentHashMapUtils.computeIfAbsent(ConcurrentHashMapUtils.java:44)
	at org.apache.dubbo.common.cache.FileCacheStoreFactory.getInstance(FileCacheStoreFactory.java:113)
	at org.apache.dubbo.metadata.AbstractCacheManager.init(AbstractCacheManager.java:52)
	at org.apache.dubbo.registry.client.metadata.store.MetaCacheManager.<init>(MetaCacheManager.java:56)
	at org.apache.dubbo.registry.client.AbstractServiceDiscovery.<init>(AbstractServiceDiscovery.java:102)
	at org.apache.dubbo.registry.client.AbstractServiceDiscovery.<init>(AbstractServiceDiscovery.java:84)
	at org.apache.dubbo.registry.nacos.NacosServiceDiscovery.<init>(NacosServiceDiscovery.java:78)
	at org.apache.dubbo.registry.nacos.NacosServiceDiscoveryFactory.createDiscovery(NacosServiceDiscoveryFactory.java:41)
	at org.apache.dubbo.registry.client.AbstractServiceDiscoveryFactory.lambda$getServiceDiscovery$0(AbstractServiceDiscoveryFactory.java:54)
	at org.apache.dubbo.common.utils.ConcurrentHashMapUtils.computeIfAbsent(ConcurrentHashMapUtils.java:44)
	at org.apache.dubbo.registry.client.AbstractServiceDiscoveryFactory.getServiceDiscovery(AbstractServiceDiscoveryFactory.java:54)
	at org.apache.dubbo.registry.client.ServiceDiscoveryRegistry.getServiceDiscovery(ServiceDiscoveryRegistry.java:127)
	at org.apache.dubbo.registry.client.ServiceDiscoveryRegistry.createServiceDiscovery(ServiceDiscoveryRegistry.java:114)
	at org.apache.dubbo.registry.client.ServiceDiscoveryRegistry.<init>(ServiceDiscoveryRegistry.java:91)
	at org.apache.dubbo.registry.client.ServiceDiscoveryRegistryFactory.createRegistry(ServiceDiscoveryRegistryFactory.java:40)
	at org.apache.dubbo.registry.support.AbstractRegistryFactory.getRegistry(AbstractRegistryFactory.java:95)
	at org.apache.dubbo.registry.RegistryFactoryWrapper.getRegistry(RegistryFactoryWrapper.java:33)
	at org.apache.dubbo.registry.RegistryFactory$Adaptive.getRegistry(RegistryFactory$Adaptive.java)
	at org.apache.dubbo.registry.integration.RegistryProtocol.getRegistry(RegistryProtocol.java:446)
	at org.apache.dubbo.registry.integration.RegistryProtocol.export(RegistryProtocol.java:276)
	at org.apache.dubbo.rpc.protocol.ProtocolSecurityWrapper.export(ProtocolSecurityWrapper.java:83)
	at org.apache.dubbo.rpc.protocol.ProtocolListenerWrapper.export(ProtocolListenerWrapper.java:66)
	at org.apache.dubbo.qos.protocol.QosProtocolWrapper.export(QosProtocolWrapper.java:78)
	at org.apache.dubbo.rpc.cluster.filter.ProtocolFilterWrapper.export(ProtocolFilterWrapper.java:58)
	at org.apache.dubbo.rpc.protocol.ProtocolSerializationWrapper.export(ProtocolSerializationWrapper.java:47)
	at org.apache.dubbo.rpc.protocol.InvokerCountWrapper.export(InvokerCountWrapper.java:42)
	at org.apache.dubbo.rpc.Protocol$Adaptive.export(Protocol$Adaptive.java)
	at org.apache.dubbo.config.ServiceConfig.doExportUrl(ServiceConfig.java:840)
	at org.apache.dubbo.config.ServiceConfig.exportRemote(ServiceConfig.java:809)
	at org.apache.dubbo.config.ServiceConfig.exportUrl(ServiceConfig.java:750)
	at org.apache.dubbo.config.ServiceConfig.doExportUrlsFor1Protocol(ServiceConfig.java:544)
	at org.apache.dubbo.config.ServiceConfig.doExportUrls(ServiceConfig.java:526)
	at org.apache.dubbo.config.ServiceConfig.doExport(ServiceConfig.java:488)
	at org.apache.dubbo.config.ServiceConfig.export(ServiceConfig.java:317)
	at org.apache.dubbo.config.deploy.DefaultModuleDeployer.exportServiceInternal(DefaultModuleDeployer.java:431)
	at org.apache.dubbo.config.deploy.DefaultModuleDeployer.exportServices(DefaultModuleDeployer.java:386)
	at org.apache.dubbo.config.deploy.DefaultModuleDeployer.startSync(DefaultModuleDeployer.java:167)
	at org.apache.dubbo.config.deploy.DefaultModuleDeployer.start(DefaultModuleDeployer.java:148)
	at org.apache.dubbo.config.spring.context.DubboDeployApplicationListener.onContextRefreshedEvent(DubboDeployApplicationListener.java:154)
	at org.apache.dubbo.config.spring.context.DubboDeployApplicationListener.onApplicationEvent(DubboDeployApplicationListener.java:140)
	at org.apache.dubbo.config.spring.context.DubboDeployApplicationListener.onApplicationEvent(DubboDeployApplicationListener.java:51)
	at org.springframework.context.event.SimpleApplicationEventMulticaster.doInvokeListener(SimpleApplicationEventMulticaster.java:176)
	at org.springframework.context.event.SimpleApplicationEventMulticaster.invokeListener(SimpleApplicationEventMulticaster.java:169)
	at org.springframework.context.event.SimpleApplicationEventMulticaster.multicastEvent(SimpleApplicationEventMulticaster.java:143)
	at org.springframework.context.support.AbstractApplicationContext.publishEvent(AbstractApplicationContext.java:421)
	at org.springframework.context.support.AbstractApplicationContext.publishEvent(AbstractApplicationContext.java:378)
	at org.springframework.context.support.AbstractApplicationContext.finishRefresh(AbstractApplicationContext.java:940)
	at org.springframework.context.support.AbstractApplicationContext.refresh(AbstractApplicationContext.java:586)
	at org.springframework.boot.SpringApplication.refresh(SpringApplication.java:731)
	at org.springframework.boot.SpringApplication.refreshContext(SpringApplication.java:408)
	at org.springframework.boot.SpringApplication.run(SpringApplication.java:307)
	at org.springframework.boot.test.context.SpringBootContextLoader.loadContext(SpringBootContextLoader.java:136)
	at org.springframework.test.context.cache.DefaultCacheAwareContextLoaderDelegate.loadContextInternal(DefaultCacheAwareContextLoaderDelegate.java:141)
	at org.springframework.test.context.cache.DefaultCacheAwareContextLoaderDelegate.loadContext(DefaultCacheAwareContextLoaderDelegate.java:90)
	at org.springframework.test.context.support.DefaultTestContext.getApplicationContext(DefaultTestContext.java:124)
	at org.springframework.test.context.web.ServletTestExecutionListener.setUpRequestContextIfNecessary(ServletTestExecutionListener.java:190)
	at org.springframework.test.context.web.ServletTestExecutionListener.prepareTestInstance(ServletTestExecutionListener.java:132)
	at org.springframework.test.context.TestContextManager.prepareTestInstance(TestContextManager.java:248)
	at org.springframework.test.context.junit4.SpringJUnit4ClassRunner.createTest(SpringJUnit4ClassRunner.java:227)
	at org.springframework.test.context.junit4.SpringJUnit4ClassRunner$1.runReflectiveCall(SpringJUnit4ClassRunner.java:289)
	at org.junit.internal.runners.model.ReflectiveCallable.run(ReflectiveCallable.java:12)
	at org.springframework.test.context.junit4.SpringJUnit4ClassRunner.methodBlock(SpringJUnit4ClassRunner.java:291)
	at org.springframework.test.context.junit4.SpringJUnit4ClassRunner.runChild(SpringJUnit4ClassRunner.java:246)
	at org.springframework.test.context.junit4.SpringJUnit4ClassRunner.runChild(SpringJUnit4ClassRunner.java:97)
	at org.junit.runners.ParentRunner$4.run(ParentRunner.java:331)
	at org.junit.runners.ParentRunner$1.schedule(ParentRunner.java:79)
	at org.junit.runners.ParentRunner.runChildren(ParentRunner.java:329)
	at org.junit.runners.ParentRunner.access$100(ParentRunner.java:66)
	at org.junit.runners.ParentRunner$2.evaluate(ParentRunner.java:293)
	at org.springframework.test.context.junit4.statements.RunBeforeTestClassCallbacks.evaluate(RunBeforeTestClassCallbacks.java:61)
	at org.springframework.test.context.junit4.statements.RunAfterTestClassCallbacks.evaluate(RunAfterTestClassCallbacks.java:70)
	at org.junit.runners.ParentRunner$3.evaluate(ParentRunner.java:306)
	at org.junit.runners.ParentRunner.run(ParentRunner.java:413)
	at org.springframework.test.context.junit4.SpringJUnit4ClassRunner.run(SpringJUnit4ClassRunner.java:190)
	at org.junit.runner.JUnitCore.run(JUnitCore.java:137)
	at com.intellij.junit4.JUnit4IdeaTestRunner.startRunnerWithArgs(JUnit4IdeaTestRunner.java:69)
	at com.intellij.rt.junit.IdeaTestRunner$Repeater$1.execute(IdeaTestRunner.java:38)
	at com.intellij.rt.execution.junit.TestsRepeater.repeat(TestsRepeater.java:11)
	at com.intellij.rt.junit.IdeaTestRunner$Repeater.startRunnerWithArgs(IdeaTestRunner.java:35)
	at com.intellij.rt.junit.JUnitStarter.prepareStreamsAndStart(JUnitStarter.java:232)
	at com.intellij.rt.junit.JUnitStarter.main(JUnitStarter.java:55)
25-06-11.17:38:37.435 [main            ] WARN  FileCacheStoreFactory  -  [DUBBO] Failed to create file store cache. Local file cache will be disabled. Cache file name: C:\Users\25370\.dubbo\.mapping.big-market.dubbo.cache, dubbo version: 3.2.5, current host: 192.168.43.185, error code: 0-3. This may be caused by inaccessible of cache path, go to https://dubbo.apache.org/faq/0/3 to find instructions. 
org.apache.dubbo.common.cache.FileCacheStoreFactory$PathNotExclusiveException: C:\Users\25370\.dubbo\.mapping.big-market.dubbo.cache is not exclusive. Maybe multiple Dubbo instances are using the same folder.
	at org.apache.dubbo.common.cache.FileCacheStoreFactory.tryFileLock(FileCacheStoreFactory.java:189)
	at org.apache.dubbo.common.cache.FileCacheStoreFactory.getFile(FileCacheStoreFactory.java:150)
	at org.apache.dubbo.common.cache.FileCacheStoreFactory.lambda$getInstance$0(FileCacheStoreFactory.java:113)
	at org.apache.dubbo.common.utils.ConcurrentHashMapUtils.computeIfAbsent(ConcurrentHashMapUtils.java:44)
	at org.apache.dubbo.common.cache.FileCacheStoreFactory.getInstance(FileCacheStoreFactory.java:113)
	at org.apache.dubbo.metadata.AbstractCacheManager.init(AbstractCacheManager.java:52)
	at org.apache.dubbo.metadata.MappingCacheManager.<init>(MappingCacheManager.java:56)
	at org.apache.dubbo.metadata.AbstractServiceNameMapping.<init>(AbstractServiceNameMapping.java:67)
	at org.apache.dubbo.registry.client.metadata.MetadataServiceNameMapping.<init>(MetadataServiceNameMapping.java:60)
	at sun.reflect.NativeConstructorAccessorImpl.newInstance0(Native Method)
	at sun.reflect.NativeConstructorAccessorImpl.newInstance(NativeConstructorAccessorImpl.java:62)
	at sun.reflect.DelegatingConstructorAccessorImpl.newInstance(DelegatingConstructorAccessorImpl.java:45)
	at java.lang.reflect.Constructor.newInstance(Constructor.java:423)
	at org.apache.dubbo.common.beans.support.InstantiationStrategy.instantiate(InstantiationStrategy.java:94)
	at org.apache.dubbo.common.extension.ExtensionLoader.createExtensionInstance(ExtensionLoader.java:835)
	at org.apache.dubbo.common.extension.ExtensionLoader.createExtension(ExtensionLoader.java:794)
	at org.apache.dubbo.common.extension.ExtensionLoader.getExtension(ExtensionLoader.java:578)
	at org.apache.dubbo.common.extension.ExtensionLoader.getExtension(ExtensionLoader.java:552)
	at org.apache.dubbo.common.extension.ExtensionLoader.getDefaultExtension(ExtensionLoader.java:604)
	at org.apache.dubbo.common.extension.ExtensionAccessor.getDefaultExtension(ExtensionAccessor.java:42)
	at org.apache.dubbo.metadata.ServiceNameMapping.getDefaultExtension(ServiceNameMapping.java:59)
	at org.apache.dubbo.registry.client.ServiceDiscoveryRegistry.<init>(ServiceDiscoveryRegistry.java:92)
	at org.apache.dubbo.registry.client.ServiceDiscoveryRegistryFactory.createRegistry(ServiceDiscoveryRegistryFactory.java:40)
	at org.apache.dubbo.registry.support.AbstractRegistryFactory.getRegistry(AbstractRegistryFactory.java:95)
	at org.apache.dubbo.registry.RegistryFactoryWrapper.getRegistry(RegistryFactoryWrapper.java:33)
	at org.apache.dubbo.registry.RegistryFactory$Adaptive.getRegistry(RegistryFactory$Adaptive.java)
	at org.apache.dubbo.registry.integration.RegistryProtocol.getRegistry(RegistryProtocol.java:446)
	at org.apache.dubbo.registry.integration.RegistryProtocol.export(RegistryProtocol.java:276)
	at org.apache.dubbo.rpc.protocol.ProtocolSecurityWrapper.export(ProtocolSecurityWrapper.java:83)
	at org.apache.dubbo.rpc.protocol.ProtocolListenerWrapper.export(ProtocolListenerWrapper.java:66)
	at org.apache.dubbo.qos.protocol.QosProtocolWrapper.export(QosProtocolWrapper.java:78)
	at org.apache.dubbo.rpc.cluster.filter.ProtocolFilterWrapper.export(ProtocolFilterWrapper.java:58)
	at org.apache.dubbo.rpc.protocol.ProtocolSerializationWrapper.export(ProtocolSerializationWrapper.java:47)
	at org.apache.dubbo.rpc.protocol.InvokerCountWrapper.export(InvokerCountWrapper.java:42)
	at org.apache.dubbo.rpc.Protocol$Adaptive.export(Protocol$Adaptive.java)
	at org.apache.dubbo.config.ServiceConfig.doExportUrl(ServiceConfig.java:840)
	at org.apache.dubbo.config.ServiceConfig.exportRemote(ServiceConfig.java:809)
	at org.apache.dubbo.config.ServiceConfig.exportUrl(ServiceConfig.java:750)
	at org.apache.dubbo.config.ServiceConfig.doExportUrlsFor1Protocol(ServiceConfig.java:544)
	at org.apache.dubbo.config.ServiceConfig.doExportUrls(ServiceConfig.java:526)
	at org.apache.dubbo.config.ServiceConfig.doExport(ServiceConfig.java:488)
	at org.apache.dubbo.config.ServiceConfig.export(ServiceConfig.java:317)
	at org.apache.dubbo.config.deploy.DefaultModuleDeployer.exportServiceInternal(DefaultModuleDeployer.java:431)
	at org.apache.dubbo.config.deploy.DefaultModuleDeployer.exportServices(DefaultModuleDeployer.java:386)
	at org.apache.dubbo.config.deploy.DefaultModuleDeployer.startSync(DefaultModuleDeployer.java:167)
	at org.apache.dubbo.config.deploy.DefaultModuleDeployer.start(DefaultModuleDeployer.java:148)
	at org.apache.dubbo.config.spring.context.DubboDeployApplicationListener.onContextRefreshedEvent(DubboDeployApplicationListener.java:154)
	at org.apache.dubbo.config.spring.context.DubboDeployApplicationListener.onApplicationEvent(DubboDeployApplicationListener.java:140)
	at org.apache.dubbo.config.spring.context.DubboDeployApplicationListener.onApplicationEvent(DubboDeployApplicationListener.java:51)
	at org.springframework.context.event.SimpleApplicationEventMulticaster.doInvokeListener(SimpleApplicationEventMulticaster.java:176)
	at org.springframework.context.event.SimpleApplicationEventMulticaster.invokeListener(SimpleApplicationEventMulticaster.java:169)
	at org.springframework.context.event.SimpleApplicationEventMulticaster.multicastEvent(SimpleApplicationEventMulticaster.java:143)
	at org.springframework.context.support.AbstractApplicationContext.publishEvent(AbstractApplicationContext.java:421)
	at org.springframework.context.support.AbstractApplicationContext.publishEvent(AbstractApplicationContext.java:378)
	at org.springframework.context.support.AbstractApplicationContext.finishRefresh(AbstractApplicationContext.java:940)
	at org.springframework.context.support.AbstractApplicationContext.refresh(AbstractApplicationContext.java:586)
	at org.springframework.boot.SpringApplication.refresh(SpringApplication.java:731)
	at org.springframework.boot.SpringApplication.refreshContext(SpringApplication.java:408)
	at org.springframework.boot.SpringApplication.run(SpringApplication.java:307)
	at org.springframework.boot.test.context.SpringBootContextLoader.loadContext(SpringBootContextLoader.java:136)
	at org.springframework.test.context.cache.DefaultCacheAwareContextLoaderDelegate.loadContextInternal(DefaultCacheAwareContextLoaderDelegate.java:141)
	at org.springframework.test.context.cache.DefaultCacheAwareContextLoaderDelegate.loadContext(DefaultCacheAwareContextLoaderDelegate.java:90)
	at org.springframework.test.context.support.DefaultTestContext.getApplicationContext(DefaultTestContext.java:124)
	at org.springframework.test.context.web.ServletTestExecutionListener.setUpRequestContextIfNecessary(ServletTestExecutionListener.java:190)
	at org.springframework.test.context.web.ServletTestExecutionListener.prepareTestInstance(ServletTestExecutionListener.java:132)
	at org.springframework.test.context.TestContextManager.prepareTestInstance(TestContextManager.java:248)
	at org.springframework.test.context.junit4.SpringJUnit4ClassRunner.createTest(SpringJUnit4ClassRunner.java:227)
	at org.springframework.test.context.junit4.SpringJUnit4ClassRunner$1.runReflectiveCall(SpringJUnit4ClassRunner.java:289)
	at org.junit.internal.runners.model.ReflectiveCallable.run(ReflectiveCallable.java:12)
	at org.springframework.test.context.junit4.SpringJUnit4ClassRunner.methodBlock(SpringJUnit4ClassRunner.java:291)
	at org.springframework.test.context.junit4.SpringJUnit4ClassRunner.runChild(SpringJUnit4ClassRunner.java:246)
	at org.springframework.test.context.junit4.SpringJUnit4ClassRunner.runChild(SpringJUnit4ClassRunner.java:97)
	at org.junit.runners.ParentRunner$4.run(ParentRunner.java:331)
	at org.junit.runners.ParentRunner$1.schedule(ParentRunner.java:79)
	at org.junit.runners.ParentRunner.runChildren(ParentRunner.java:329)
	at org.junit.runners.ParentRunner.access$100(ParentRunner.java:66)
	at org.junit.runners.ParentRunner$2.evaluate(ParentRunner.java:293)
	at org.springframework.test.context.junit4.statements.RunBeforeTestClassCallbacks.evaluate(RunBeforeTestClassCallbacks.java:61)
	at org.springframework.test.context.junit4.statements.RunAfterTestClassCallbacks.evaluate(RunAfterTestClassCallbacks.java:70)
	at org.junit.runners.ParentRunner$3.evaluate(ParentRunner.java:306)
	at org.junit.runners.ParentRunner.run(ParentRunner.java:413)
	at org.springframework.test.context.junit4.SpringJUnit4ClassRunner.run(SpringJUnit4ClassRunner.java:190)
	at org.junit.runner.JUnitCore.run(JUnitCore.java:137)
	at com.intellij.junit4.JUnit4IdeaTestRunner.startRunnerWithArgs(JUnit4IdeaTestRunner.java:69)
	at com.intellij.rt.junit.IdeaTestRunner$Repeater$1.execute(IdeaTestRunner.java:38)
	at com.intellij.rt.execution.junit.TestsRepeater.repeat(TestsRepeater.java:11)
	at com.intellij.rt.junit.IdeaTestRunner$Repeater.startRunnerWithArgs(IdeaTestRunner.java:35)
	at com.intellij.rt.junit.JUnitStarter.prepareStreamsAndStart(JUnitStarter.java:232)
	at com.intellij.rt.junit.JUnitStarter.main(JUnitStarter.java:55)
25-06-11.17:38:37.911 [main            ] WARN  NacosRegistry          -  [DUBBO] Received empty url address list and empty protection is disabled, will clear current available addresses, dubbo version: 3.2.5, current host: 192.168.43.185, error code: 1-37. This may be caused by , go to https://dubbo.apache.org/faq/1/37 to find instructions. 
25-06-11.17:38:37.955 [main            ] WARN  NacosRegistry          -  [DUBBO] Received empty url address list and empty protection is disabled, will clear current available addresses, dubbo version: 3.2.5, current host: 192.168.43.185, error code: 1-37. This may be caused by , go to https://dubbo.apache.org/faq/1/37 to find instructions. 
25-06-11.17:38:38.315 [main            ] WARN  NacosRegistry          -  [DUBBO] Received empty url address list and empty protection is disabled, will clear current available addresses, dubbo version: 3.2.5, current host: 192.168.43.185, error code: 1-37. This may be caused by , go to https://dubbo.apache.org/faq/1/37 to find instructions. 
25-06-11.17:38:38.364 [main            ] WARN  NacosRegistry          -  [DUBBO] Received empty url address list and empty protection is disabled, will clear current available addresses, dubbo version: 3.2.5, current host: 192.168.43.185, error code: 1-37. This may be caused by , go to https://dubbo.apache.org/faq/1/37 to find instructions. 
25-06-11.17:38:38.856 [main            ] WARN  NacosRegistry          -  [DUBBO] Received empty url address list and empty protection is disabled, will clear current available addresses, dubbo version: 3.2.5, current host: 192.168.43.185, error code: 1-37. This may be caused by , go to https://dubbo.apache.org/faq/1/37 to find instructions. 
25-06-11.17:38:39.425 [Thread-5        ] WARN  HttpClientBeanHolder   - [HttpClientBeanHolder] Start destroying common HttpClient
25-06-11.17:38:39.425 [Thread-10       ] WARN  NotifyCenter           - [NotifyCenter] Start destroying Publisher
25-06-11.17:38:39.425 [Thread-10       ] WARN  NotifyCenter           - [NotifyCenter] Destruction of the end
25-06-11.17:38:39.426 [Thread-5        ] WARN  HttpClientBeanHolder   - [HttpClientBeanHolder] Destruction of the end
25-06-11.17:38:43.447 [main-SendThread(117.72.36.124:2181)] WARN  ClientCnxn             - An exception was thrown while closing send thread for session 0x10000004c34000d.
org.apache.zookeeper.ClientCnxn$EndOfStreamException: Unable to read additional data from server sessionid 0x10000004c34000d, likely server has closed socket
	at org.apache.zookeeper.ClientCnxnSocketNIO.doIO(ClientCnxnSocketNIO.java:75)
	at org.apache.zookeeper.ClientCnxnSocketNIO.doTransport(ClientCnxnSocketNIO.java:348)
	at org.apache.zookeeper.ClientCnxn$SendThread.run(ClientCnxn.java:1262)
